crawling 1
crawling 2
crawling 3
crawling 4
foursquare id is  4aa5571ef964a520094820e3
fetching page 0
fetching page 1
fetching page 2
fetching page 3
fetching page 4
fetching page 5
fetching page 6
fetching page 7
fetching page 8
fetching page 9
crawling 5
crawling 6
crawling 7
crawling 8
crawling 9
crawling 10
crawling 11
crawling 12
foursquare id is  49ee4a7df964a52047681fe3
fetching page 0
fetching page 1
fetching page 2
fetching page 3
fetching page 4
fetching page 5
fetching page 6
fetching page 7
fetching page 8
fetching page 9
crawling 13
foursquare id is  4c0c5587340720a166978993
fetching page 0
fetching page 1
fetching page 2
fetching page 3
fetching page 4
fetching page 5
fetching page 6
fetching page 7
fetching page 8
fetching page 9
crawling 14
crawling 15
foursquare id is  4da9e6adfc607fc998b7d3d6
fetching page 0
fetching page 1
fetching page 2
fetching page 3
fetching page 4
fetching page 5
fetching page 6
fetching page 7
fetching page 8
fetching page 9
crawling 16
crawling 17
foursquare id is  4276bf00f964a5208c211fe3
fetching page 0
fetching page 1
fetching page 2
fetching page 3
fetching page 4
fetching page 5
fetching page 6
fetching page 7
fetching page 8
fetching page 9
crawling 18
foursquare id is  45e94f91f964a52079431fe3
fetching page 0
fetching page 1
fetching page 2
fetching page 3
fetching page 4
fetching page 5
fetching page 6
fetching page 7
fetching page 8
fetching page 9
crawling 19
crawling 20
crawling 21
crawling 22
foursquare id is  3fd66200f964a5209ee81ee3
fetching page 0
fetching page 1
fetching page 2
fetching page 3
fetching page 4
fetching page 5
fetching page 6
fetching page 7
fetching page 8
fetching page 9
crawling 23
crawling 24
foursquare id is  4cc6222106c25481d7a4a047
fetching page 0
fetching page 1
fetching page 2
fetching page 3
fetching page 4
fetching page 5
fetching page 6
fetching page 7
fetching page 8
fetching page 9
crawling 25
crawling 26
foursquare id is  458d06b3f964a520fe3f1fe3
fetching page 0
fetching page 1
fetching page 2
fetching page 3
crawling 27
foursquare id is  43446900f964a52073281fe3
fetching page 0
fetching page 1
crawling 28
crawling 29
foursquare id is  439308daf964a520712b1fe3
fetching page 0
fetching page 1
fetching page 2
fetching page 3
fetching page 4
fetching page 5
fetching page 6
fetching page 7
fetching page 8
crawling 30
crawling 31
crawling 32
crawling 33
crawling 34
crawling 35
foursquare id is  4d291bbe6e27a1435d752124
fetching page 0
fetching page 1
fetching page 2
fetching page 3
fetching page 4
fetching page 5
fetching page 6
crawling 36
crawling 37
foursquare id is  4a66f31af964a520dcc81fe3
fetching page 0
crawling 38
foursquare id is  4e5d6ecf1f6e330fd1b68420
fetching page 0
fetching page 1
fetching page 2
fetching page 3
crawling 39
crawling 40
crawling 41
foursquare id is  4aaadceff964a520c35720e3
fetching page 0
fetching page 1
fetching page 2
crawling 42
foursquare id is  4d59274a3281b1f7deb0b72f
fetching page 0
fetching page 1
fetching page 2
fetching page 3
fetching page 4
fetching page 5
fetching page 6
fetching page 7
fetching page 8
fetching page 9
crawling 43
crawling 44
foursquare id is  4993f345f964a52082521fe3
fetching page 0
fetching page 1
fetching page 2
fetching page 3
fetching page 4
fetching page 5
crawling 45
foursquare id is  46dda121f964a520924a1fe3
fetching page 0
fetching page 1
fetching page 2
fetching page 3
Can't parse json. Continue. Code edited in bind.py by eddie. Continue trying
fetching page 4
fetching page 5
fetching page 6
fetching page 7
fetching page 8
fetching page 9
crawling 46
crawling 47
foursquare id is  3fd66200f964a52062e61ee3
fetching page 0
fetching page 1
fetching page 2
fetching page 3
fetching page 4
fetching page 5
fetching page 6
fetching page 7
fetching page 8
fetching page 9
crawling 48
crawling 49
foursquare id is  4bf453a66a31d13a92a0952e
fetching page 0
fetching page 1
fetching page 2
crawling 50
foursquare id is  49059e24f964a5205d521fe3
fetching page 0
fetching page 1
fetching page 2
fetching page 3
fetching page 4
fetching page 5
fetching page 6
crawling 51
crawling 52
crawl[DEBUG] (MainThread) crawling 1
[DEBUG] (MainThread) crawling 2
[DEBUG] (MainThread) crawling 3
[DEBUG] (MainThread) crawling 4
[DEBUG] (MainThread) crawling 5
[DEBUG] (MainThread) crawling 6
[DEBUG] (MainThread) crawling 7
[DEBUG] (MainThread) crawling 8
[DEBUG] (MainThread) crawling 9
[DEBUG] (MainThread) crawling 10
[DEBUG] (MainThread) crawling 11
[DEBUG] (MainThread) crawling 12
[DEBUG] (MainThread) crawling 13
[DEBUG] (MainThread) crawling 14
[DEBUG] (MainThread) crawling 15
[DEBUG] (MainThread) crawling 16
[DEBUG] (MainThread) crawling 17
[DEBUG] (MainThread) crawling 18
[DEBUG] (MainThread) crawling 19
[DEBUG] (MainThread) crawling 20
[DEBUG] (MainThread) crawling 21
[DEBUG] (MainThread) crawling 22
[DEBUG] (MainThread) crawling 23
[DEBUG] (MainThread) crawling 24
[DEBUG] (MainThread) crawling 25
[DEBUG] (MainThread) crawling 26
[DEBUG] (MainThread) crawling 27
[DEBUG] (MainThread) crawling 28
[DEBUG] (MainThread) crawling 29
[DEBUG] (MainThread) crawling 30
[DEBUG] (MainThread) crawling 31
[DEBUG] (MainThread) crawling 32
[DEBUG] (MainThread) crawling 33
[DEBUG] (MainThread) crawling 34
[DEBUG] (MainThread) crawling 35
[DEBUG] (MainThread) crawling 36
[DEBUG] (MainThread) crawling 37
[DEBUG] (MainThread) crawling 38
[DEBUG] (MainThread) crawling 39
[DEBUG] (MainThread) crawling 40
[DEBUG] (MainThread) crawling 41
[DEBUG] (MainThread) crawling 42
[DEBUG] (MainThread) crawling 43
[DEBUG] (MainThread) crawling 44
[DEBUG] (MainThread) crawling 45
[DEBUG] (MainThread) crawling 46
[DEBUG] (MainThread) crawling 47
[DEBUG] (MainThread) crawling 48
[DEBUG] (MainThread) crawling 49
[DEBUG] (MainThread) crawling 50
[DEBUG] (MainThread) crawling 51
[DEBUG] (MainThread) crawling 52
[DEBUG] (MainThread) crawling 53
[DEBUG] (MainThread) crawling 54
[DEBUG] (MainThread) crawling 55
[DEBUG] (MainThread) crawling 56
[DEBUG] (MainThread) crawling 57
[DEBUG] (MainThread) crawling 58
[DEBUG] (MainThread) crawling 59
[DEBUG] (MainThread) crawling 60
[DEBUG] (MainThread) crawling 61
[DEBUG] (MainThread) crawling 62
[DEBUG] (MainThread) crawling 63
[DEBUG] (MainThread) crawling 64
[DEBUG] (MainThread) crawling 65
[DEBUG] (MainThread) crawling 66
[DEBUG] (MainThread) crawling 67
[DEBUG] (MainThread) crawling 68
[DEBUG] (MainThread) crawling 69
[DEBUG] (MainThread) crawling 70
[DEBUG] (MainThread) crawling 71
[DEBUG] (MainThread) crawling 72
[DEBUG] (MainThread) crawling 73
[DEBUG] (MainThread) crawling 74
[DEBUG] (MainThread) crawling 75
[DEBUG] (MainThread) crawling 76
[DEBUG] (MainThread) crawling 77
[DEBUG] (MainThread) crawling 78
[DEBUG] (MainThread) crawling 79
[DEBUG] (MainThread) crawling 80
[DEBUG] (MainThread) crawling 81
[DEBUG] (MainThread) crawling 82
[DEBUG] (MainThread) crawling 83
[DEBUG] (MainThread) crawling 84
[DEBUG] (MainThread) crawling 85
[DEBUG] (MainThread) crawling 86
[DEBUG] (MainThread) crawling 87
[DEBUG] (MainThread) crawling 88
[DEBUG] (MainThread) crawling 89
[DEBUG] (MainThread) crawling 90
[DEBUG] (MainThread) crawling 91
[DEBUG] (MainThread) crawling 92
[DEBUG] (MainThread) crawling 93
[DEBUG] (MainThread) crawling 94
[DEBUG] (MainThread) crawling 95
[DEBUG] (MainThread) crawling 96
[DEBUG] (MainThread) crawling 97
[DEBUG] (MainThread) crawling 98
[DEBUG] (MainThread) crawling 99
[DEBUG] (MainThread) crawling 100
[DEBUG] (MainThread) crawling 101
[DEBUG] (MainThread) crawling 102
[DEBUG] (MainThread) crawling 103
[DEBUG] (MainThread) crawling 104
[DEBUG] (MainThread) crawling 105
[DEBUG] (MainThread) crawling 106
[DEBUG] (MainThread) crawling 107
[DEBUG] (MainThread) crawling 108
[DEBUG] (MainThread) crawling 109
[DEBUG] (MainThread) crawling 110
[DEBUG] (MainThread) crawling 111
[DEBUG] (MainThread) crawling 112
[DEBUG] (MainThread) crawling 113
[DEBUG] (MainThread) crawling 114
[DEBUG] (MainThread) crawling 115
[DEBUG] (MainThread) crawling 116
[DEBUG] (MainThread) crawling 117
[DEBUG] (MainThread) crawling 118
[DEBUG] (MainThread) crawling 119
[DEBUG] (MainThread) crawling 120
[DEBUG] (MainThread) crawling 121
[DEBUG] (MainThread) crawling 122
[DEBUG] (MainThread) crawling 123
[DEBUG] (MainThread) crawling 124
[DEBUG] (MainThread) crawling 125
[DEBUG] (MainThread) crawling 126
[DEBUG] (MainThread) crawling 127
[DEBUG] (MainThread) crawling 128
[DEBUG] (MainThread) crawling 129
[DEBUG] (MainThread) crawling 130
[DEBUG] (MainThread) crawling 131
[DEBUG] (MainThread) crawling 132
[DEBUG] (MainThread) crawling 133
[DEBUG] (MainThread) crawling 134
[DEBUG] (MainThread) crawling 135
[DEBUG] (MainThread) crawling 136
[DEBUG] (MainThread) crawling 137
[DEBUG] (MainThread) crawling 138
[DEBUG] (MainThread) crawling 139
[DEBUG] (MainThread) crawling 140
[DEBUG] (MainThread) crawling 141
[DEBUG] (MainThread) crawling 142
[DEBUG] (MainThread) crawling 143
[DEBUG] (MainThread) crawling 144
[DEBUG] (MainThread) crawling 145
[DEBUG] (MainThread) crawling 146
[DEBUG] (MainThread) crawling 147
[DEBUG] (MainThread) crawling 148
[DEBUG] (MainThread) crawling 149
[DEBUG] (MainThread) crawling 150
[DEBUG] (MainThread) crawling 151
[DEBUG] (MainThread) crawling 152
[DEBUG] (MainThread) crawling 153
[DEBUG] (MainThread) crawling 154
[DEBUG] (MainThread) crawling 155
[DEBUG] (MainThread) crawling 156
[DEBUG] (MainThread) crawling 157
[DEBUG] (MainThread) crawling 158
[DEBUG] (MainThread) crawling 159
[DEBUG] (MainThread) crawling 160
[DEBUG] (MainThread) crawling 161
[DEBUG] (MainThread) crawling 162
[DEBUG] (MainThread) crawling 163
[DEBUG] (MainThread) crawling 164
[DEBUG] (MainThread) crawling 165
[DEBUG] (MainThread) crawling 166
[DEBUG] (MainThread) crawling 167
[DEBUG] (MainThread) crawling 168
[DEBUG] (MainThread) crawling 169
[DEBUG] (MainThread) crawling 170
[DEBUG] (MainThread) crawling 171
[DEBUG] (MainThread) crawling 172
[DEBUG] (MainThread) crawling 173
[DEBUG] (MainThread) crawling 174
[DEBUG] (MainThread) crawling 175
[DEBUG] (MainThread) crawling 176
[DEBUG] (MainThread) crawling 177
[DEBUG] (MainThread) crawling 178
[DEBUG] (MainThread) crawling 179
[DEBUG] (MainThread) crawling 180
[DEBUG] (MainThread) crawling 181
[DEBUG] (MainThread) crawling 182
[DEBUG] (MainThread) crawling 183
[DEBUG] (MainThread) crawling 184
[DEBUG] (MainThread) crawling 185
[DEBUG] (MainThread) crawling 186
[DEBUG] (MainThread) crawling 187
[DEBUG] (MainThread) crawling 188
[DEBUG] (MainThread) crawling 189
[DEBUG] (MainThread) crawling 190
[DEBUG] (MainThread) crawling 191
[DEBUG] (MainThread) crawling 192
[DEBUG] (MainThread) crawling 193
[DEBUG] (MainThread) crawling 194
[DEBUG] (MainThread) crawling 195
[DEBUG] (MainThread) crawling 196
[DEBUG] (MainThread) crawling 197
[DEBUG] (MainThread) crawling 198
[DEBUG] (MainThread) crawling 199
[DEBUG] (MainThread) crawling 200
[DEBUG] (MainThread) crawling 201
[DEBUG] (MainThread) crawling 202
[DEBUG] (MainThread) crawling 203
[DEBUG] (MainThread) crawling 204
[DEBUG] (MainThread) crawling 205
[DEBUG] (MainThread) crawling 206
[DEBUG] (MainThread) crawling 207
[DEBUG] (MainThread) crawling 208
[DEBUG] (MainThread) crawling 209
[DEBUG] (MainThread) crawling 210
[DEBUG] (MainThread) crawling 211
[DEBUG] (MainThread) crawling 212
[DEBUG] (MainThread) crawling 213
[DEBUG] (MainThread) crawling 214
[DEBUG] (MainThread) crawling 215
[DEBUG] (MainThread) crawling 216
[DEBUG] (MainThread) crawling 217
[DEBUG] (MainThread) crawling 218
[DEBUG] (MainThread) crawling 219
[DEBUG] (MainThread) crawling 220
[DEBUG] (MainThread) crawling 221
[DEBUG] (MainThread) crawling 222
[DEBUG] (MainThread) crawling 223
[DEBUG] (MainThread) crawling 224
[DEBUG] (MainThread) crawling 225
[DEBUG] (MainThread) crawling 226
[DEBUG] (MainThread) crawling 227
[DEBUG] (MainThread) crawling 228
[DEBUG] (MainThread) crawling 229
[DEBUG] (MainThread) crawling 230
[DEBUG] (MainThread) crawling 231
[DEBUG] (MainThread) crawling 232
[DEBUG] (MainThread) crawling 233
[DEBUG] (MainThread) crawling 234
[DEBUG] (MainThread) crawling 235
[DEBUG] (MainThread) crawling 236
[DEBUG] (MainThread) crawling 237
[DEBUG] (MainThread) crawling 238
[DEBUG] (MainThread) crawling 239
[DEBUG] (MainThread) crawling 240
[DEBUG] (MainThread) crawling 241
[DEBUG] (MainThread) crawling 242
[DEBUG] (MainThread) crawling 243
[DEBUG] (MainThread) crawling 244
[DEBUG] (MainThread) crawling 245
[DEBUG] (MainThread) crawling 246
[DEBUG] (MainThread) crawling 247
[DEBUG] (MainThread) crawling 248
[DEBUG] (MainThread) crawling 249
[DEBUG] (MainThread) crawling 250
[DEBUG] (MainThread) crawling 251
[DEBUG] (MainThread) crawling 252
[DEBUG] (MainThread) crawling 253
[DEBUG] (MainThread) crawling 254
[DEBUG] (MainThread) crawling 255
[DEBUG] (MainThread) crawling 256
[DEBUG] (MainThread) crawling 257
[DEBUG] (MainThread) crawling 258
[DEBUG] (MainThread) crawling 259
[DEBUG] (MainThread) crawling 260
[DEBUG] (MainThread) crawling 261
[DEBUG] (MainThread) crawling 262
[DEBUG] (MainThread) crawling 263
[DEBUG] (MainThread) crawling 264
[DEBUG] (MainThread) crawling 265
[DEBUG] (MainThread) crawling 266
[DEBUG] (MainThread) crawling 267
[DEBUG] (MainThread) crawling 268
[DEBUG] (MainThread) crawling 269
[DEBUG] (MainThread) crawling 270
[DEBUG] (MainThread) crawling 271
[DEBUG] (MainThread) crawling 272
[DEBUG] (MainThread) crawling 273
[DEBUG] (MainThread) crawling 274
[DEBUG] (MainThread) crawling 275
[DEBUG] (MainThread) crawling 276
[DEBUG] (MainThread) crawling 277
[DEBUG] (MainThread) crawling 278
[DEBUG] (MainThread) crawling 279
[DEBUG] (MainThread) crawling 280
[DEBUG] (MainThread) crawling 281
[DEBUG] (MainThread) crawling 282
[DEBUG] (MainThread) crawling 283
[DEBUG] (MainThread) crawling 284
[DEBUG] (MainThread) crawling 285
[DEBUG] (MainThread) crawling 286
[DEBUG] (MainThread) crawling 287
[DEBUG] (MainThread) crawling 288
[DEBUG] (MainThread) crawling 289
[DEBUG] (MainThread) crawling 290
[DEBUG] (MainThread) crawling 291
[DEBUG] (MainThread) crawling 292
[DEBUG] (MainThread) crawling 293
[DEBUG] (MainThread) crawling 294
[DEBUG] (MainThread) crawling 295
[DEBUG] (MainThread) crawling 296
[DEBUG] (MainThread) crawling 297
[DEBUG] (MainThread) crawling 298
[DEBUG] (MainThread) crawling 299
[DEBUG] (MainThread) crawling 300
[DEBUG] (MainThread) crawling 301
[DEBUG] (MainThread) crawling 302
[DEBUG] (MainThread) crawling 303
[DEBUG] (MainThread) crawling 304
[DEBUG] (MainThread) crawling 305
[DEBUG] (MainThread) crawling 306
[DEBUG] (MainThread) crawling 307
[DEBUG] (MainThread) crawling 308
[DEBUG] (MainThread) crawling 309
[DEBUG] (MainThread) crawling 310
[DEBUG] (MainThread) crawling 311
[DEBUG] (MainThread) crawling 312
[DEBUG] (MainThread) crawling 313
[DEBUG] (MainThread) crawling 314
[DEBUG] (MainThread) crawling 315
[DEBUG] (MainThread) crawling 316
[DEBUG] (MainThread) crawling 317
[DEBUG] (MainThread) crawling 318
[DEBUG] (MainThread) crawling 319
[DEBUG] (MainThread) crawling 320
[DEBUG] (MainThread) crawling 321
[DEBUG] (MainThread) crawling 322
[DEBUG] (MainThread) crawling 323
[DEBUG] (MainThread) crawling 324
[DEBUG] (MainThread) crawling 325
[DEBUG] (MainThread) crawling 326
[DEBUG] (MainThread) crawling 327
[DEBUG] (MainThread) crawling 328
[DEBUG] (MainThread) crawling 329
[DEBUG] (MainThread) crawling 330
[DEBUG] (MainThread) crawling 331
[DEBUG] (MainThread) crawling 332
[DEBUG] (MainThread) crawling 333
[DEBUG] (MainThread) crawling 334
[DEBUG] (MainThread) crawling 335
[DEBUG] (MainThread) crawling 336
[DEBUG] (MainThread) crawling 337
[DEBUG] (MainThread) crawling 338
[DEBUG] (MainThread) crawling 339
[DEBUG] (MainThread) crawling 340
[DEBUG] (MainThread) crawling 341
[DEBUG] (MainThread) crawling 342
[DEBUG] (MainThread) crawling 343
[DEBUG] (MainThread) crawling 344
[DEBUG] (MainThread) crawling 345
[DEBUG] (MainThread) crawling 346
[DEBUG] (MainThread) crawling 347
[DEBUG] (MainThread) crawling 348
[DEBUG] (MainThread) crawling 349
[DEBUG] (MainThread) crawling 350
[DEBUG] (MainThread) crawling 351
[DEBUG] (MainThread) crawling 352
[DEBUG] (MainThread) crawling 353
[DEBUG] (MainThread) crawling 354
[DEBUG] (MainThread) crawling 355
[DEBUG] (MainThread) crawling 356
[DEBUG] (MainThread) crawling 357
[DEBUG] (MainThread) crawling 358
[DEBUG] (MainThread) crawling 359
[DEBUG] (MainThread) crawling 360
[DEBUG] (MainThread) crawling 361
[DEBUG] (MainThread) crawling 362
[DEBUG] (MainThread) crawling 363
[DEBUG] (MainThread) crawling 364
[DEBUG] (MainThread) crawling 365
[DEBUG] (MainThread) crawling 366
[DEBUG] (MainThread) crawling 367
[DEBUG] (MainThread) crawling 368
[DEBUG] (MainThread) crawling 369
[DEBUG] (MainThread) crawling 370
[DEBUG] (MainThread) crawling 371
[DEBUG] (MainThread) crawling 372
[DEBUG] (MainThread) crawling 373
[DEBUG] (MainThread) crawling 374
[DEBUG] (MainThread) crawling 375
[DEBUG] (MainThread) crawling 376
[DEBUG] (MainThread) crawling 377
[DEBUG] (MainThread) crawling 378
[DEBUG] (MainThread) crawling 379
[DEBUG] (MainThread) crawling 380
[DEBUG] (MainThread) crawling 381
[DEBUG] (MainThread) crawling 382
[DEBUG] (MainThread) crawling 383
[DEBUG] (MainThread) crawling 384
[DEBUG] (MainThread) crawling 385
[DEBUG] (MainThread) crawling 386
[DEBUG] (MainThread) crawling 387
[DEBUG] (MainThread) crawling 388
[DEBUG] (MainThread) crawling 389
[DEBUG] (MainThread) crawling 390
[DEBUG] (MainThread) crawling 391
[DEBUG] (MainThread) crawling 392
[DEBUG] (MainThread) crawling 393
[DEBUG] (MainThread) crawling 394
[DEBUG] (MainThread) crawling 395
[DEBUG] (MainThread) crawling 396
[DEBUG] (MainThread) crawling 397
[DEBUG] (MainThread) crawling 398
[DEBUG] (MainThread) crawling 399
[DEBUG] (MainThread) crawling 400
[DEBUG] (MainThread) crawling 401
[DEBUG] (MainThread) crawling 402
[DEBUG] (MainThread) crawling 403
[DEBUG] (MainThread) crawling 404
[DEBUG] (MainThread) crawling 405
[DEBUG] (MainThread) crawling 406
[DEBUG] (MainThread) crawling 407
[DEBUG] (MainThread) crawling 408
[DEBUG] (MainThread) crawling 409
[DEBUG] (MainThread) crawling 410
[DEBUG] (MainThread) crawling 411
[DEBUG] (MainThread) crawling 412
[DEBUG] (MainThread) crawling 413
[DEBUG] (MainThread) crawling 414
[DEBUG] (MainThread) crawling 415
[DEBUG] (MainThread) crawling 416
[DEBUG] (MainThread) crawling 417
[DEBUG] (MainThread) crawling 418
[DEBUG] (MainThread) crawling 419
[DEBUG] (MainThread) crawling 420
[DEBUG] (MainThread) crawling 421
[DEBUG] (MainThread) crawling 422
[DEBUG] (MainThread) crawling 423
[DEBUG] (MainThread) crawling 424
[DEBUG] (MainThread) crawling 425
[DEBUG] (MainThread) crawling 426
[DEBUG] (MainThread) crawling 427
[DEBUG] (MainThread) crawling 428
[DEBUG] (MainThread) crawling 429
[DEBUG] (MainThread) crawling 430
[DEBUG] (MainThread) crawling 431
[DEBUG] (MainThread) crawling 432
[DEBUG] (MainThread) crawling 433
[DEBUG] (MainThread) crawling 434
[DEBUG] (MainThread) crawling 435
[DEBUG] (MainThread) crawling 436
[DEBUG] (MainThread) crawling 437
[DEBUG] (MainThread) crawling 438
[DEBUG] (MainThread) crawling 439
[DEBUG] (MainThread) crawling 440
[DEBUG] (MainThread) crawling 441
[DEBUG] (MainThread) crawling 442
[DEBUG] (MainThread) crawling 443
[DEBUG] (MainThread) crawling 444
[DEBUG] (MainThread) crawling 445
[DEBUG] (MainThread) crawling 446
[DEBUG] (MainThread) crawling 447
[DEBUG] (MainThread) crawling 448
[DEBUG] (MainThread) crawling 449
[DEBUG] (MainThread) crawling 450
[DEBUG] (MainThread) crawling 451
[DEBUG] (MainThread) crawling 452
[DEBUG] (MainThread) crawling 453
[DEBUG] (MainThread) crawling 454
[DEBUG] (MainThread) crawling 455
[DEBUG] (MainThread) crawling 456
[DEBUG] (MainThread) crawling 457
[DEBUG] (MainThread) crawling 458
[DEBUG] (MainThread) crawling 459
[DEBUG] (MainThread) crawling 460
[DEBUG] (MainThread) crawling 461
[DEBUG] (MainThread) crawling 462
[DEBUG] (MainThread) crawling 463
[DEBUG] (MainThread) crawling 464
[DEBUG] (MainThread) crawling 465
[DEBUG] (MainThread) crawling 466
[DEBUG] (MainThread) crawling 467
[DEBUG] (MainThread) crawling 468
[DEBUG] (MainThread) crawling 469
[DEBUG] (MainThread) crawling 470
[DEBUG] (MainThread) crawling 471
[DEBUG] (MainThread) crawling 472
[DEBUG] (MainThread) crawling 473
[DEBUG] (MainThread) crawling 474
[DEBUG] (MainThread) crawling 475
[DEBUG] (MainThread) crawling 476
[DEBUG] (MainThread) crawling 477
[DEBUG] (MainThread) crawling 478
[DEBUG] (MainThread) crawling 479
[DEBUG] (MainThread) crawling 480
[DEBUG] (MainThread) crawling 481
[DEBUG] (MainThread) crawling 482
[DEBUG] (MainThread) crawling 483
[DEBUG] (MainThread) crawling 484
[DEBUG] (MainThread) crawling 485
[DEBUG] (MainThread) crawling 486
[DEBUG] (MainThread) crawling 487
[DEBUG] (MainThread) crawling 488
[DEBUG] (MainThread) crawling 489
[DEBUG] (MainThread) crawling 490
[DEBUG] (MainThread) crawling 491
[DEBUG] (MainThread) crawling 492
[DEBUG] (MainThread) crawling 493
[DEBUG] (MainThread) crawling 494
[DEBUG] (MainThread) crawling 495
[DEBUG] (MainThread) crawling 496
[DEBUG] (MainThread) crawling 497
[DEBUG] (MainThread) crawling 498
[DEBUG] (MainThread) crawling 499
[DEBUG] (MainThread) crawling 500
[DEBUG] (MainThread) crawling 501
[DEBUG] (MainThread) crawling 502
[DEBUG] (MainThread) crawling 503
[DEBUG] (MainThread) crawling 504
[DEBUG] (MainThread) crawling 505
[DEBUG] (MainThread) crawling 506
[DEBUG] (MainThread) crawling 507
[DEBUG] (MainThread) crawling 508
[DEBUG] (MainThread) crawling 509
[DEBUG] (MainThread) crawling 510
[DEBUG] (MainThread) crawling 511
[DEBUG] (MainThread) crawling 512
[DEBUG] (MainThread) crawling 513
[DEBUG] (MainThread) crawling 514
[DEBUG] (MainThread) crawling 515
[DEBUG] (MainThread) crawling 516
[DEBUG] (MainThread) crawling 517
[DEBUG] (MainThread) crawling 518
[DEBUG] (MainThread) crawling 519
[DEBUG] (MainThread) crawling 520
[DEBUG] (MainThread) crawling 521
[DEBUG] (MainThread) crawling 522
[DEBUG] (MainThread) crawling 523
[DEBUG] (MainThread) crawling 524
[DEBUG] (MainThread) crawling 525
[DEBUG] (MainThread) crawling 526
[DEBUG] (MainThread) crawling 527
[DEBUG] (MainThread) crawling 528
[DEBUG] (MainThread) crawling 529
[DEBUG] (MainThread) crawling 530
[DEBUG] (MainThread) crawling 531
[DEBUG] (MainThread) crawling 532
[DEBUG] (MainThread) crawling 533
[DEBUG] (MainThread) crawling 534
[DEBUG] (MainThread) crawling 535
[DEBUG] (MainThread) crawling 536
[DEBUG] (MainThread) crawling 537
[DEBUG] (MainThread) crawling 538
[DEBUG] (MainThread) crawling 539
[DEBUG] (MainThread) crawling 540
[DEBUG] (MainThread) crawling 541
[DEBUG] (MainThread) crawling 542
[DEBUG] (MainThread) crawling 543
[DEBUG] (MainThread) crawling 544
[DEBUG] (MainThread) crawling 545
[DEBUG] (MainThread) crawling 546
[DEBUG] (MainThread) crawling 547
[DEBUG] (MainThread) crawling 548
[DEBUG] (MainThread) crawling 549
[DEBUG] (MainThread) crawling 550
[DEBUG] (MainThread) crawling 551
[DEBUG] (MainThread) crawling 552
[DEBUG] (MainThread) crawling 553
[DEBUG] (MainThread) crawling 554
[DEBUG] (MainThread) crawling 555
[DEBUG] (MainThread) crawling 556
[DEBUG] (MainThread) crawling 557
[DEBUG] (MainThread) crawling 558
[DEBUG] (MainThread) crawling 559
[DEBUG] (MainThread) crawling 560
[DEBUG] (MainThread) crawling 561
[DEBUG] (MainThread) crawling 562
[DEBUG] (MainThread) crawling 563
[DEBUG] (MainThread) crawling 564
[DEBUG] (MainThread) crawling 565
[DEBUG] (MainThread) crawling 566
[DEBUG] (MainThread) crawling 567
[DEBUG] (MainThread) crawling 568
[DEBUG] (MainThread) crawling 569
[DEBUG] (MainThread) crawling 570
[DEBUG] (MainThread) crawling 571
[DEBUG] (MainThread) crawling 572
[DEBUG] (MainThread) crawling 573
[DEBUG] (MainThread) crawling 574
[DEBUG] (MainThread) crawling 575
[DEBUG] (MainThread) crawling 576
[DEBUG] (MainThread) crawling 577
[DEBUG] (MainThread) crawling 578
[DEBUG] (MainThread) crawling 579
[DEBUG] (MainThread) crawling 580
[DEBUG] (MainThread) crawling 581
[DEBUG] (MainThread) crawling 582
[DEBUG] (MainThread) crawling 583
[DEBUG] (MainThread) crawling 584
[DEBUG] (MainThread) crawling 585
[DEBUG] (MainThread) crawling 586
[DEBUG] (MainThread) crawling 587
[DEBUG] (MainThread) crawling 588
[DEBUG] (MainThread) crawling 589
[DEBUG] (MainThread) crawling 590
[DEBUG] (MainThread) crawling 591
[DEBUG] (MainThread) crawling 592
[DEBUG] (MainThread) crawling 593
[DEBUG] (MainThread) crawling 594
[DEBUG] (MainThread) crawling 595
[DEBUG] (MainThread) crawling 596
[DEBUG] (MainThread) crawling 597
[DEBUG] (MainThread) crawling 598
[DEBUG] (MainThread) crawling 599
[DEBUG] (MainThread) crawling 600
[DEBUG] (MainThread) crawling 601
[DEBUG] (MainThread) crawling 602
[DEBUG] (MainThread) crawling 603
[DEBUG] (MainThread) crawling 604
[DEBUG] (MainThread) crawling 605
[DEBUG] (MainThread) crawling 606
[DEBUG] (MainThread) crawling 607
[DEBUG] (MainThread) crawling 608
[DEBUG] (MainThread) crawling 609
[DEBUG] (MainThread) crawling 610
[DEBUG] (MainThread) crawling 611
[DEBUG] (MainThread) crawling 612
[DEBUG] (MainThread) crawling 613
[DEBUG] (MainThread) crawling 614
[DEBUG] (MainThread) crawling 615
[DEBUG] (MainThread) crawling 616
[DEBUG] (MainThread) crawling 617
[DEBUG] (MainThread) crawling 618
[DEBUG] (MainThread) crawling 619
[DEBUG] (MainThread) crawling 620
[DEBUG] (MainThread) crawling 621
[DEBUG] (MainThread) crawling 622
[DEBUG] (MainThread) crawling 623
[DEBUG] (MainThread) crawling 624
[DEBUG] (MainThread) crawling 625
[DEBUG] (MainThread) crawling 626
[DEBUG] (MainThread) crawling 627
[DEBUG] (MainThread) crawling 628
[DEBUG] (MainThread) crawling 629
[DEBUG] (MainThread) crawling 630
[DEBUG] (MainThread) crawling 631
[DEBUG] (MainThread) crawling 632
[DEBUG] (MainThread) crawling 633
[DEBUG] (MainThread) crawling 634
[DEBUG] (MainThread) crawling 635
[DEBUG] (MainThread) crawling 636
[DEBUG] (MainThread) crawling 637
[DEBUG] (MainThread) crawling 638
[DEBUG] (MainThread) crawling 639
[DEBUG] (MainThread) crawling 640
[DEBUG] (MainThread) crawling 641
[DEBUG] (MainThread) crawling 642
[DEBUG] (MainThread) crawling 643
[DEBUG] (MainThread) crawling 644
[DEBUG] (MainThread) crawling 645
[DEBUG] (MainThread) crawling 646
[DEBUG] (MainThread) crawling 647
[DEBUG] (MainThread) crawling 648
[DEBUG] (MainThread) crawling 649
[DEBUG] (MainThread) crawling 650
[DEBUG] (MainThread) crawling 651
[DEBUG] (MainThread) crawling 652
[DEBUG] (MainThread) crawling 653
[DEBUG] (MainThread) crawling 654
[DEBUG] (MainThread) crawling 655
[DEBUG] (MainThread) crawling 656
[DEBUG] (MainThread) crawling 657
[DEBUG] (MainThread) crawling 658
[DEBUG] (MainThread) crawling 659
[DEBUG] (MainThread) crawling 660
[DEBUG] (MainThread) crawling 661
[DEBUG] (MainThread) crawling 662
[DEBUG] (MainThread) crawling 663
[DEBUG] (MainThread) crawling 664
[DEBUG] (MainThread) crawling 665
[DEBUG] (MainThread) crawling 666
[DEBUG] (MainThread) crawling 667
[DEBUG] (MainThread) crawling 668
[DEBUG] (MainThread) crawling 669
[DEBUG] (MainThread) crawling 670
[DEBUG] (MainThread) crawling 671
[DEBUG] (MainThread) crawling 672
[DEBUG] (MainThread) crawling 673
[DEBUG] (MainThread) crawling 674
[DEBUG] (MainThread) crawling 675
[DEBUG] (MainThread) crawling 676
[DEBUG] (MainThread) crawling 677
[DEBUG] (MainThread) crawling 678
[DEBUG] (MainThread) crawling 679
[DEBUG] (MainThread) crawling 680
[DEBUG] (MainThread) crawling 681
[DEBUG] (MainThread) crawling 682
[DEBUG] (MainThread) crawling 683
[DEBUG] (MainThread) crawling 684
[DEBUG] (MainThread) crawling 685
[DEBUG] (MainThread) crawling 686
[DEBUG] (MainThread) crawling 687
[DEBUG] (MainThread) crawling 688
[DEBUG] (MainThread) crawling 689
[DEBUG] (MainThread) crawling 690
[DEBUG] (MainThread) crawling 691
[DEBUG] (MainThread) crawling 692
[DEBUG] (MainThread) crawling 693
[DEBUG] (MainThread) crawling 694
[DEBUG] (MainThread) crawling 695
[DEBUG] (MainThread) crawling 696
[DEBUG] (MainThread) crawling 697
[DEBUG] (MainThread) crawling 698
[DEBUG] (MainThread) crawling 699
[DEBUG] (MainThread) crawling 700
[DEBUG] (MainThread) crawling 701
[DEBUG] (MainThread) crawling 702
[DEBUG] (MainThread) crawling 703
[DEBUG] (MainThread) crawling 704
[DEBUG] (MainThread) crawling 705
[DEBUG] (MainThread) crawling 706
[DEBUG] (MainThread) crawling 707
[DEBUG] (MainThread) crawling 708
[DEBUG] (MainThread) crawling 709
[DEBUG] (MainThread) crawling 710
[DEBUG] (MainThread) crawling 711
[DEBUG] (MainThread) crawling 712
[DEBUG] (MainThread) crawling 713
[DEBUG] (MainThread) crawling 714
[DEBUG] (MainThread) crawling 715
[DEBUG] (MainThread) crawling 716
[DEBUG] (MainThread) crawling 717
[DEBUG] (MainThread) crawling 718
[DEBUG] (MainThread) crawling 719
[DEBUG] (MainThread) crawling 720
[DEBUG] (MainThread) crawling 721
[DEBUG] (MainThread) crawling 722
[DEBUG] (MainThread) crawling 723
[DEBUG] (MainThread) crawling 724
[DEBUG] (MainThread) crawling 725
[DEBUG] (MainThread) crawling 726
[DEBUG] (MainThread) crawling 727
[DEBUG] (MainThread) crawling 728
[DEBUG] (MainThread) crawling 729
[DEBUG] (MainThread) crawling 730
[DEBUG] (MainThread) crawling 731
[DEBUG] (MainThread) crawling 732
[DEBUG] (MainThread) crawling 733
[DEBUG] (MainThread) crawling 734
[DEBUG] (MainThread) crawling 735
[DEBUG] (MainThread) crawling 736
[DEBUG] (MainThread) crawling 737
[DEBUG] (MainThread) crawling 738
[DEBUG] (MainThread) crawling 739
[DEBUG] (MainThread) crawling 740
[DEBUG] (MainThread) crawling 741
[DEBUG] (MainThread) crawling 742
[DEBUG] (MainThread) crawling 743
[DEBUG] (MainThread) crawling 744
[DEBUG] (MainThread) crawling 745
[DEBUG] (MainThread) crawling 746
[DEBUG] (MainThread) crawling 747
[DEBUG] (MainThread) crawling 748
[DEBUG] (MainThread) crawling 749
[DEBUG] (MainThread) crawling 750
[DEBUG] (MainThread) crawling 751
[DEBUG] (MainThread) crawling 752
[DEBUG] (MainThread) crawling 753
[DEBUG] (MainThread) crawling 754
[DEBUG] (MainThread) crawling 755
[DEBUG] (MainThread) crawling 756
[DEBUG] (MainThread) crawling 757
[DEBUG] (MainThread) crawling 758
[DEBUG] (MainThread) crawling 759
[DEBUG] (MainThread) crawling 760
[DEBUG] (MainThread) crawling 761
[DEBUG] (MainThread) crawling 762
[DEBUG] (MainThread) crawling 763
[DEBUG] (MainThread) crawling 764
[DEBUG] (MainThread) crawling 765
[DEBUG] (MainThread) crawling 766
[DEBUG] (MainThread) crawling 767
[DEBUG] (MainThread) crawling 768
[DEBUG] (MainThread) crawling 769
[DEBUG] (MainThread) crawling 770
[DEBUG] (MainThread) crawling 771
[DEBUG] (MainThread) crawling 772
[DEBUG] (MainThread) crawling 773
[DEBUG] (MainThread) crawling 774
[DEBUG] (MainThread) crawling 775
[DEBUG] (MainThread) crawling 776
[DEBUG] (MainThread) crawling 777
[DEBUG] (MainThread) crawling 778
[DEBUG] (MainThread) crawling 779
[DEBUG] (MainThread) crawling 780
[DEBUG] (MainThread) crawling 781
[DEBUG] (MainThread) crawling 782
[DEBUG] (MainThread) crawling 783
[DEBUG] (MainThread) crawling 784
[DEBUG] (MainThread) crawling 785
[DEBUG] (MainThread) crawling 786
[DEBUG] (MainThread) crawling 787
[DEBUG] (MainThread) crawling 788
[DEBUG] (MainThread) crawling 789
[DEBUG] (MainThread) crawling 790
[DEBUG] (MainThread) crawling 791
[DEBUG] (MainThread) crawling 792
[DEBUG] (MainThread) crawling 793
[DEBUG] (MainThread) crawling 794
[DEBUG] (MainThread) crawling 795
[DEBUG] (MainThread) crawling 796
[DEBUG] (MainThread) crawling 797
[DEBUG] (MainThread) crawling 798
[DEBUG] (MainThread) crawling 799
[DEBUG] (MainThread) crawling 800
[DEBUG] (MainThread) crawling 801
[DEBUG] (MainThread) crawling 802
[DEBUG] (MainThread) crawling 803
[DEBUG] (MainThread) crawling 804
[DEBUG] (MainThread) crawling 805
[DEBUG] (MainThread) crawling 806
[DEBUG] (MainThread) crawling 807
[DEBUG] (MainThread) crawling 808
[DEBUG] (MainThread) crawling 809
[DEBUG] (MainThread) crawling 810
[DEBUG] (MainThread) crawling 811
[DEBUG] (MainThread) crawling 812
[DEBUG] (MainThread) crawling 813
[DEBUG] (MainThread) crawling 814
[DEBUG] (MainThread) crawling 815
[DEBUG] (MainThread) crawling 816
[DEBUG] (MainThread) crawling 817
[DEBUG] (MainThread) crawling 818
[DEBUG] (MainThread) crawling 819
[DEBUG] (MainThread) crawling 820
[DEBUG] (MainThread) crawling 821
[DEBUG] (MainThread) crawling 822
[DEBUG] (MainThread) crawling 823
[DEBUG] (MainThread) crawling 824
[DEBUG] (MainThread) crawling 825
[DEBUG] (MainThread) crawling 826
[DEBUG] (MainThread) crawling 827
[DEBUG] (MainThread) crawling 828
[DEBUG] (MainThread) crawling 829
[DEBUG] (MainThread) crawling 830
[DEBUG] (MainThread) crawling 831
[DEBUG] (MainThread) crawling 832
[DEBUG] (MainThread) crawling 833
[DEBUG] (MainThread) crawling 834
[DEBUG] (MainThread) crawling 835
[DEBUG] (MainThread) crawling 836
[DEBUG] (MainThread) crawling 837
[DEBUG] (MainThread) crawling 838
[DEBUG] (MainThread) crawling 839
[DEBUG] (MainThread) crawling 840
[DEBUG] (MainThread) crawling 841
[DEBUG] (MainThread) crawling 842
[DEBUG] (MainThread) crawling 843
[DEBUG] (MainThread) crawling 844
[DEBUG] (MainThread) crawling 845
[DEBUG] (MainThread) crawling 846
[DEBUG] (MainThread) crawling 847
[DEBUG] (MainThread) crawling 848
[DEBUG] (MainThread) crawling 849
[DEBUG] (MainThread) crawling 850
[DEBUG] (MainThread) crawling 851
[DEBUG] (MainThread) crawling 852
[DEBUG] (MainThread) crawling 853
[DEBUG] (MainThread) crawling 854
[DEBUG] (MainThread) crawling 855
[DEBUG] (MainThread) crawling 856
[DEBUG] (MainThread) crawling 857
[DEBUG] (MainThread) crawling 858
[DEBUG] (MainThread) crawling 859
[DEBUG] (MainThread) crawling 860
[DEBUG] (MainThread) crawling 861
[DEBUG] (MainThread) crawling 862
[DEBUG] (MainThread) crawling 863
[DEBUG] (MainThread) crawling 864
[DEBUG] (MainThread) crawling 865
[DEBUG] (MainThread) crawling 866
[DEBUG] (MainThread) crawling 867
[DEBUG] (MainThread) crawling 868
[DEBUG] (MainThread) crawling 869
[DEBUG] (MainThread) crawling 870
[DEBUG] (MainThread) crawling 871
[DEBUG] (MainThread) crawling 872
[DEBUG] (MainThread) crawling 873
[DEBUG] (MainThread) crawling 874
[DEBUG] (MainThread) crawling 875
[DEBUG] (MainThread) crawling 876
[DEBUG] (MainThread) crawling 877
[DEBUG] (MainThread) crawling 878
[DEBUG] (MainThread) crawling 879
[DEBUG] (MainThread) crawling 880
[DEBUG] (MainThread) crawling 881
[DEBUG] (MainThread) crawling 882
[DEBUG] (MainThread) crawling 883
[DEBUG] (MainThread) crawling 884
[DEBUG] (MainThread) crawling 885
[DEBUG] (MainThread) crawling 886
[DEBUG] (MainThread) crawling 887
[DEBUG] (MainThread) crawling 888
[DEBUG] (MainThread) crawling 889
[DEBUG] (MainThread) crawling 890
[DEBUG] (MainThread) crawling 891
[DEBUG] (MainThread) crawling 892
[DEBUG] (MainThread) crawling 893
[DEBUG] (MainThread) crawling 894
[DEBUG] (MainThread) crawling 895
[DEBUG] (MainThread) crawling 896
[DEBUG] (MainThread) crawling 897
[DEBUG] (MainThread) crawling 898
[DEBUG] (MainThread) crawling 899
[DEBUG] (MainThread) crawling 900
[DEBUG] (MainThread) crawling 901
[DEBUG] (MainThread) crawling 902
[DEBUG] (MainThread) crawling 903
[DEBUG] (MainThread) crawling 904
[DEBUG] (MainThread) crawling 905
[DEBUG] (MainThread) crawling 906
[DEBUG] (MainThread) crawling 907
[DEBUG] (MainThread) crawling 908
[DEBUG] (MainThread) crawling 909
[DEBUG] (MainThread) crawling 910
[DEBUG] (MainThread) crawling 911
[DEBUG] (MainThread) crawling 912
[DEBUG] (MainThread) crawling 913
[DEBUG] (MainThread) crawling 914
[DEBUG] (MainThread) crawling 915
[DEBUG] (MainThread) crawling 916
[DEBUG] (MainThread) crawling 917
[DEBUG] (MainThread) crawling 918
[DEBUG] (MainThread) crawling 919
[DEBUG] (MainThread) crawling 920
[DEBUG] (MainThread) crawling 921
[DEBUG] (MainThread) crawling 922
[DEBUG] (MainThread) crawling 923
[DEBUG] (MainThread) crawling 924
[DEBUG] (MainThread) crawling 925
[DEBUG] (MainThread) crawling 926
[DEBUG] (MainThread) crawling 927
[DEBUG] (MainThread) crawling 928
[DEBUG] (MainThread) crawling 929
[DEBUG] (MainThread) crawling 930
[DEBUG] (MainThread) crawling 931
[DEBUG] (MainThread) crawling 932
[DEBUG] (MainThread) crawling 933
[DEBUG] (MainThread) crawling 934
[DEBUG] (MainThread) crawling 935
[DEBUG] (MainThread) crawling 936
[DEBUG] (MainThread) crawling 937
[DEBUG] (MainThread) crawling 938
[DEBUG] (MainThread) crawling 939
[DEBUG] (MainThread) crawling 940
[DEBUG] (MainThread) crawling 941
[DEBUG] (MainThread) crawling 942
[DEBUG] (MainThread) crawling 943
[DEBUG] (MainThread) crawling 944
[DEBUG] (MainThread) crawling 945
[DEBUG] (MainThread) crawling 946
[DEBUG] (MainThread) crawling 947
[DEBUG] (MainThread) crawling 948
[DEBUG] (MainThread) crawling 949
[DEBUG] (MainThread) crawling 950
[DEBUG] (MainThread) crawling 951
[DEBUG] (MainThread) crawling 952
[DEBUG] (MainThread) crawling 953
[DEBUG] (MainThread) crawling 954
[DEBUG] (MainThread) crawling 955
[DEBUG] (MainThread) crawling 956
[DEBUG] (MainThread) crawling 957
[DEBUG] (MainThread) crawling 958
[DEBUG] (MainThread) crawling 959
[DEBUG] (MainThread) crawling 960
[DEBUG] (MainThread) crawling 961
[DEBUG] (MainThread) crawling 962
[DEBUG] (MainThread) crawling 963
[DEBUG] (MainThread) crawling 964
[DEBUG] (MainThread) crawling 965
[DEBUG] (MainThread) crawling 966
[DEBUG] (MainThread) crawling 967
[DEBUG] (MainThread) crawling 968
[DEBUG] (MainThread) crawling 969
[DEBUG] (MainThread) crawling 970
[DEBUG] (MainThread) crawling 971
[DEBUG] (MainThread) crawling 972
[DEBUG] (MainThread) crawling 973
[DEBUG] (MainThread) crawling 974
[DEBUG] (MainThread) crawling 975
[DEBUG] (MainThread) crawling 976
[DEBUG] (MainThread) crawling 977
[DEBUG] (MainThread) crawling 978
[DEBUG] (MainThread) crawling 979
[DEBUG] (MainThread) crawling 980
[DEBUG] (MainThread) crawling 981
[DEBUG] (MainThread) crawling 982
[DEBUG] (MainThread) crawling 983
[DEBUG] (MainThread) crawling 984
[DEBUG] (MainThread) crawling 985
[DEBUG] (MainThread) crawling 986
[DEBUG] (MainThread) crawling 987
[DEBUG] (MainThread) crawling 988
[DEBUG] (MainThread) crawling 989
[DEBUG] (MainThread) crawling 990
[DEBUG] (MainThread) crawling 991
[DEBUG] (MainThread) crawling 992
[DEBUG] (MainThread) crawling 993
[DEBUG] (MainThread) crawling 994
[DEBUG] (MainThread) crawling 995
[DEBUG] (MainThread) crawling 996
[DEBUG] (MainThread) crawling 997
[DEBUG] (MainThread) crawling 998
[DEBUG] (MainThread) crawling 999
[DEBUG] (MainThread) crawling 1000
[DEBUG] (MainThread) crawling 1001
[DEBUG] (MainThread) crawling 1002
[DEBUG] (MainThread) crawling 1003
[DEBUG] (MainThread) crawling 1004
[DEBUG] (MainThread) crawling 1005
[DEBUG] (MainThread) crawling 1006
[DEBUG] (MainThread) crawling 1007
[DEBUG] (MainThread) crawling 1008
[DEBUG] (MainThread) crawling 1009
[DEBUG] (MainThread) crawling 1010
[DEBUG] (MainThread) crawling 1011
[DEBUG] (MainThread) crawling 1012
[DEBUG] (MainThread) crawling 1013
[DEBUG] (MainThread) crawling 1014
[DEBUG] (MainThread) crawling 1015
[DEBUG] (MainThread) crawling 1016
[DEBUG] (MainThread) crawling 1017
[DEBUG] (MainThread) crawling 1018
[DEBUG] (MainThread) crawling 1019
[DEBUG] (MainThread) crawling 1020
[DEBUG] (MainThread) crawling 1021
[DEBUG] (MainThread) crawling 1022
[DEBUG] (MainThread) crawling 1023
[DEBUG] (MainThread) crawling 1024
[DEBUG] (MainThread) crawling 1025
[DEBUG] (MainThread) crawling 1026
[DEBUG] (MainThread) crawling 1027
[DEBUG] (MainThread) crawling 1028
[DEBUG] (MainThread) crawling 1029
[DEBUG] (MainThread) crawling 1030
[DEBUG] (MainThread) crawling 1031
[DEBUG] (MainThread) crawling 1032
[DEBUG] (MainThread) crawling 1033
[DEBUG] (MainThread) crawling 1034
[DEBUG] (MainThread) crawling 1035
[DEBUG] (MainThread) crawling 1036
[DEBUG] (MainThread) crawling 1037
[DEBUG] (MainThread) crawling 1038
[DEBUG] (MainThread) crawling 1039
[DEBUG] (MainThread) crawling 1040
[DEBUG] (MainThread) crawling 1041
[DEBUG] (MainThread) crawling 1042
[DEBUG] (MainThread) crawling 1043
[DEBUG] (MainThread) crawling 1044
[DEBUG] (MainThread) crawling 1045
[DEBUG] (MainThread) crawling 1046
[DEBUG] (MainThread) crawling 1047
[DEBUG] (MainThread) crawling 1048
[DEBUG] (MainThread) crawling 1049
[DEBUG] (MainThread) crawling 1050
[DEBUG] (MainThread) crawling 1051
[DEBUG] (MainThread) crawling 1052
[DEBUG] (MainThread) crawling 1053
[DEBUG] (MainThread) crawling 1054
[DEBUG] (MainThread) crawling 1055
[DEBUG] (MainThread) crawling 1056
[DEBUG] (MainThread) crawling 1057
[DEBUG] (MainThread) crawling 1058
[DEBUG] (MainThread) crawling 1059
[DEBUG] (MainThread) crawling 1060
[DEBUG] (MainThread) crawling 1061
[DEBUG] (MainThread) crawling 1062
[DEBUG] (MainThread) crawling 1063
[DEBUG] (MainThread) crawling 1064
[DEBUG] (MainThread) crawling 1065
[DEBUG] (MainThread) crawling 1066
[DEBUG] (MainThread) crawling 1067
[DEBUG] (MainThread) crawling 1068
[DEBUG] (MainThread) crawling 1069
[DEBUG] (MainThread) crawling 1070
[DEBUG] (MainThread) crawling 1071
[DEBUG] (MainThread) crawling 1072
[DEBUG] (MainThread) crawling 1073
[DEBUG] (MainThread) crawling 1074
[DEBUG] (MainThread) crawling 1075
[DEBUG] (MainThread) crawling 1076
[DEBUG] (MainThread) crawling 1077
[DEBUG] (MainThread) crawling 1078
[DEBUG] (MainThread) crawling 1079
[DEBUG] (MainThread) crawling 1080
[DEBUG] (MainThread) crawling 1081
[DEBUG] (MainThread) crawling 1082
[DEBUG] (MainThread) crawling 1083
[DEBUG] (MainThread) crawling 1084
[DEBUG] (MainThread) crawling 1085
[DEBUG] (MainThread) crawling 1086
[DEBUG] (MainThread) crawling 1087
[DEBUG] (MainThread) crawling 1088
[DEBUG] (MainThread) crawling 1089
[DEBUG] (MainThread) crawling 1090
[DEBUG] (MainThread) crawling 1091
[DEBUG] (MainThread) crawling 1092
[DEBUG] (MainThread) crawling 1093
[DEBUG] (MainThread) crawling 1094
[DEBUG] (MainThread) crawling 1095
[DEBUG] (MainThread) crawling 1096
[DEBUG] (MainThread) crawling 1097
[DEBUG] (MainThread) crawling 1098
[DEBUG] (MainThread) crawling 1099
[DEBUG] (MainThread) crawling 1100
[DEBUG] (MainThread) crawling 1101
[DEBUG] (MainThread) crawling 1102
[DEBUG] (MainThread) crawling 1103
[DEBUG] (MainThread) crawling 1104
[DEBUG] (MainThread) crawling 1105
[DEBUG] (MainThread) crawling 1106
[DEBUG] (MainThread) crawling 1107
[DEBUG] (MainThread) crawling 1108
[DEBUG] (MainThread) crawling 1109
[DEBUG] (MainThread) crawling 1110
[DEBUG] (MainThread) crawling 1111
[DEBUG] (MainThread) crawling 1112
[DEBUG] (MainThread) crawling 1113
[DEBUG] (MainThread) crawling 1114
[DEBUG] (MainThread) crawling 1115
[DEBUG] (MainThread) crawling 1116
[DEBUG] (MainThread) crawling 1117
[DEBUG] (MainThread) crawling 1118
[DEBUG] (MainThread) crawling 1119
[DEBUG] (MainThread) crawling 1120
[DEBUG] (MainThread) crawling 1121
[DEBUG] (MainThread) crawling 1122
[DEBUG] (MainThread) crawling 1123
[DEBUG] (MainThread) crawling 1124
[DEBUG] (MainThread) crawling 1125
[DEBUG] (MainThread) crawling 1126
[DEBUG] (MainThread) crawling 1127
[DEBUG] (MainThread) crawling 1128
[DEBUG] (MainThread) crawling 1129
[DEBUG] (MainThread) crawling 1130
[DEBUG] (MainThread) crawling 1131
[DEBUG] (MainThread) crawling 1132
[DEBUG] (MainThread) crawling 1133
[DEBUG] (MainThread) crawling 1134
[DEBUG] (MainThread) crawling 1135
[DEBUG] (MainThread) crawling 1136
[DEBUG] (MainThread) crawling 1137
[DEBUG] (MainThread) crawling 1138
[DEBUG] (MainThread) crawling 1139
[DEBUG] (MainThread) crawling 1140
[DEBUG] (MainThread) crawling 1141
[DEBUG] (MainThread) crawling 1142
[DEBUG] (MainThread) crawling 1143
[DEBUG] (MainThread) crawling 1144
[DEBUG] (MainThread) crawling 1145
[DEBUG] (MainThread) crawling 1146
[DEBUG] (MainThread) crawling 1147
[DEBUG] (MainThread) crawling 1148
[DEBUG] (MainThread) crawling 1149
[DEBUG] (MainThread) crawling 1150
[DEBUG] (MainThread) crawling 1151
[DEBUG] (MainThread) crawling 1152
[DEBUG] (MainThread) crawling 1153
[DEBUG] (MainThread) crawling 1154
[DEBUG] (MainThread) crawling 1155
[DEBUG] (MainThread) crawling 1156
[DEBUG] (MainThread) crawling 1157
[DEBUG] (MainThread) crawling 1158
[DEBUG] (MainThread) crawling 1159
[DEBUG] (MainThread) crawling 1160
[DEBUG] (MainThread) crawling 1161
[DEBUG] (MainThread) crawling 1162
[DEBUG] (MainThread) crawling 1163
[DEBUG] (MainThread) crawling 1164
[DEBUG] (MainThread) crawling 1165
[DEBUG] (MainThread) crawling 1166
[DEBUG] (MainThread) crawling 1167
[DEBUG] (MainThread) crawling 1168
[DEBUG] (MainThread) crawling 1169
[DEBUG] (MainThread) crawling 1170
[DEBUG] (MainThread) crawling 1171
[DEBUG] (MainThread) crawling 1172
[DEBUG] (MainThread) crawling 1173
[DEBUG] (MainThread) crawling 1174
[DEBUG] (MainThread) crawling 1175
[DEBUG] (MainThread) crawling 1176
[DEBUG] (MainThread) crawling 1177
[DEBUG] (MainThread) crawling 1178
[DEBUG] (MainThread) crawling 1179
[DEBUG] (MainThread) crawling 1180
[DEBUG] (MainThread) crawling 1181
[DEBUG] (MainThread) crawling 1182
[DEBUG] (MainThread) crawling 1183
[DEBUG] (MainThread) crawling 1184
[DEBUG] (MainThread) crawling 1185
[DEBUG] (MainThread) crawling 1186
[DEBUG] (MainThread) crawling 1187
[DEBUG] (MainThread) crawling 1188
[DEBUG] (MainThread) crawling 1189
[DEBUG] (MainThread) crawling 1190
[DEBUG] (MainThread) crawling 1191
[DEBUG] (MainThread) crawling 1192
[DEBUG] (MainThread) crawling 1193
[DEBUG] (MainThread) crawling 1194
[DEBUG] (MainThread) crawling 1195
[DEBUG] (MainThread) crawling 1196
[DEBUG] (MainThread) crawling 1197
[DEBUG] (MainThread) crawling 1198
[DEBUG] (MainThread) crawling 1199
[DEBUG] (MainThread) crawling 1200
[DEBUG] (MainThread) crawling 1201
[DEBUG] (MainThread) crawling 1202
[DEBUG] (MainThread) crawling 1203
[DEBUG] (MainThread) crawling 1204
[DEBUG] (MainThread) crawling 1205
[DEBUG] (MainThread) crawling 1206
[DEBUG] (MainThread) crawling 1207
[DEBUG] (MainThread) crawling 1208
[DEBUG] (MainThread) crawling 1209
[DEBUG] (MainThread) crawling 1210
[DEBUG] (MainThread) crawling 1211
[DEBUG] (MainThread) crawling 1212
[DEBUG] (MainThread) crawling 1213
[DEBUG] (MainThread) crawling 1214
[DEBUG] (MainThread) crawling 1215
[DEBUG] (MainThread) crawling 1216
[DEBUG] (MainThread) crawling 1217
[DEBUG] (MainThread) crawling 1218
[DEBUG] (MainThread) crawling 1219
[DEBUG] (MainThread) crawling 1220
[DEBUG] (MainThread) crawling 1221
[DEBUG] (MainThread) crawling 1222
[DEBUG] (MainThread) crawling 1223
[DEBUG] (MainThread) crawling 1224
[DEBUG] (MainThread) crawling 1225
[DEBUG] (MainThread) crawling 1226
[DEBUG] (MainThread) crawling 1227
[DEBUG] (MainThread) crawling 1228
[DEBUG] (MainThread) crawling 1229
[DEBUG] (MainThread) crawling 1230
[DEBUG] (MainThread) crawling 1231
[DEBUG] (MainThread) crawling 1232
[DEBUG] (MainThread) crawling 1233
[DEBUG] (MainThread) crawling 1234
[DEBUG] (MainThread) crawling 1235
[DEBUG] (MainThread) crawling 1236
[DEBUG] (MainThread) crawling 1237
[DEBUG] (MainThread) crawling 1238
[DEBUG] (MainThread) crawling 1239
[DEBUG] (MainThread) crawling 1240
[DEBUG] (MainThread) crawling 1241
[DEBUG] (MainThread) crawling 1242
[DEBUG] (MainThread) crawling 1243
[DEBUG] (MainThread) crawling 1244
[DEBUG] (MainThread) crawling 1245
[DEBUG] (MainThread) crawling 1246
[DEBUG] (MainThread) crawling 1247
[DEBUG] (MainThread) crawling 1248
[DEBUG] (MainThread) crawling 1249
[DEBUG] (MainThread) crawling 1250
[DEBUG] (MainThread) crawling 1251
[DEBUG] (MainThread) crawling 1252
[DEBUG] (MainThread) crawling 1253
[DEBUG] (MainThread) crawling 1254
[DEBUG] (MainThread) crawling 1255
[DEBUG] (MainThread) crawling 1256
[DEBUG] (MainThread) crawling 1257
[DEBUG] (MainThread) crawling 1258
[DEBUG] (MainThread) crawling 1259
[DEBUG] (MainThread) crawling 1260
[DEBUG] (MainThread) crawling 1261
[DEBUG] (MainThread) crawling 1262
[DEBUG] (MainThread) crawling 1263
[DEBUG] (MainThread) crawling 1264
[DEBUG] (MainThread) crawling 1265
[DEBUG] (MainThread) crawling 1266
[DEBUG] (MainThread) crawling 1267
[DEBUG] (MainThread) crawling 1268
[DEBUG] (MainThread) crawling 1269
[DEBUG] (MainThread) crawling 1270
[DEBUG] (MainThread) crawling 1271
[DEBUG] (MainThread) crawling 1272
[DEBUG] (MainThread) crawling 1273
[DEBUG] (MainThread) crawling 1274
[DEBUG] (MainThread) crawling 1275
[DEBUG] (MainThread) crawling 1276
[DEBUG] (MainThread) crawling 1277
[DEBUG] (MainThread) crawling 1278
[DEBUG] (MainThread) crawling 1279
[DEBUG] (MainThread) crawling 1280
[DEBUG] (MainThread) crawling 1281
[DEBUG] (MainThread) crawling 1282
[DEBUG] (MainThread) crawling 1283
[DEBUG] (MainThread) crawling 1284
[DEBUG] (MainThread) crawling 1285
[DEBUG] (MainThread) crawling 1286
[DEBUG] (MainThread) crawling 1287
[DEBUG] (MainThread) crawling 1288
[DEBUG] (MainThread) crawling 1289
[DEBUG] (MainThread) crawling 1290
[DEBUG] (MainThread) crawling 1291
[DEBUG] (MainThread) crawling 1292
[DEBUG] (MainThread) crawling 1293
[DEBUG] (MainThread) crawling 1294
[DEBUG] (MainThread) crawling 1295
[DEBUG] (MainThread) crawling 1296
[DEBUG] (MainThread) crawling 1297
[DEBUG] (MainThread) crawling 1298
[DEBUG] (MainThread) crawling 1299
[DEBUG] (MainThread) crawling 1300
[DEBUG] (MainThread) crawling 1301
[DEBUG] (MainThread) crawling 1302
[DEBUG] (MainThread) crawling 1303
[DEBUG] (MainThread) crawling 1304
[DEBUG] (MainThread) crawling 1305
[DEBUG] (MainThread) crawling 1306
[DEBUG] (MainThread) crawling 1307
[DEBUG] (MainThread) crawling 1308
[DEBUG] (MainThread) crawling 1309
[DEBUG] (MainThread) crawling 1310
[DEBUG] (MainThread) crawling 1311
[DEBUG] (MainThread) crawling 1312
[DEBUG] (MainThread) crawling 1313
[DEBUG] (MainThread) crawling 1314
[DEBUG] (MainThread) crawling 1315
[DEBUG] (MainThread) crawling 1316
[DEBUG] (MainThread) crawling 1317
[DEBUG] (MainThread) crawling 1318
[DEBUG] (MainThread) crawling 1319
[DEBUG] (MainThread) crawling 1320
[DEBUG] (MainThread) crawling 1321
[DEBUG] (MainThread) crawling 1322
[DEBUG] (MainThread) crawling 1323
[DEBUG] (MainThread) crawling 1324
[DEBUG] (MainThread) crawling 1325
[DEBUG] (MainThread) crawling 1326
[DEBUG] (MainThread) crawling 1327
[DEBUG] (MainThread) crawling 1328
[DEBUG] (MainThread) crawling 1329
[DEBUG] (MainThread) crawling 1330
[DEBUG] (MainThread) crawling 1331
[DEBUG] (MainThread) crawling 1332
[DEBUG] (MainThread) crawling 1333
[DEBUG] (MainThread) crawling 1334
[DEBUG] (MainThread) crawling 1335
[DEBUG] (MainThread) crawling 1336
[DEBUG] (MainThread) crawling 1337
[DEBUG] (MainThread) crawling 1338
[DEBUG] (MainThread) crawling 1339
[DEBUG] (MainThread) crawling 1340
[DEBUG] (MainThread) crawling 1341
[DEBUG] (MainThread) crawling 1342
[DEBUG] (MainThread) crawling 1343
[DEBUG] (MainThread) crawling 1344
[DEBUG] (MainThread) crawling 1345
[DEBUG] (MainThread) crawling 1346
[DEBUG] (MainThread) crawling 1347
[DEBUG] (MainThread) crawling 1348
[DEBUG] (MainThread) crawling 1349
[DEBUG] (MainThread) crawling 1350
[DEBUG] (MainThread) crawling 1351
[DEBUG] (MainThread) crawling 1352
[DEBUG] (MainThread) crawling 1353
[DEBUG] (MainThread) crawling 1354
[DEBUG] (MainThread) crawling 1355
[DEBUG] (MainThread) crawling 1356
[DEBUG] (MainThread) crawling 1357
[DEBUG] (MainThread) crawling 1358
[DEBUG] (MainThread) crawling 1359
[DEBUG] (MainThread) crawling 1360
[DEBUG] (MainThread) crawling 1361
[DEBUG] (MainThread) crawling 1362
[DEBUG] (MainThread) crawling 1363
[DEBUG] (MainThread) crawling 1364
[DEBUG] (MainThread) crawling 1365
[DEBUG] (MainThread) crawling 1366
[DEBUG] (MainThread) crawling 1367
[DEBUG] (MainThread) crawling 1368
[DEBUG] (MainThread) crawling 1369
[DEBUG] (MainThread) crawling 1370
[DEBUG] (MainThread) crawling 1371
[DEBUG] (MainThread) crawling 1372
[DEBUG] (MainThread) crawling 1373
[DEBUG] (MainThread) crawling 1374
[DEBUG] (MainThread) crawling 1375
[DEBUG] (MainThread) crawling 1376
[DEBUG] (MainThread) crawling 1377
[DEBUG] (MainThread) crawling 1378
[DEBUG] (MainThread) crawling 1379
[DEBUG] (MainThread) crawling 1380
[DEBUG] (MainThread) crawling 1381
[DEBUG] (MainThread) crawling 1382
[DEBUG] (MainThread) crawling 1383
[DEBUG] (MainThread) crawling 1384
[DEBUG] (MainThread) crawling 1385
[DEBUG] (MainThread) crawling 1386
[DEBUG] (MainThread) crawling 1387
[DEBUG] (MainThread) crawling 1388
[DEBUG] (MainThread) crawling 1389
[DEBUG] (MainThread) crawling 1390
[DEBUG] (MainThread) crawling 1391
[DEBUG] (MainThread) crawling 1392
[DEBUG] (MainThread) crawling 1393
[DEBUG] (MainThread) crawling 1394
[DEBUG] (MainThread) crawling 1395
[DEBUG] (MainThread) crawling 1396
[DEBUG] (MainThread) crawling 1397
[DEBUG] (MainThread) crawling 1398
[DEBUG] (MainThread) crawling 1399
[DEBUG] (MainThread) crawling 1400
[DEBUG] (MainThread) crawling 1401
[DEBUG] (MainThread) crawling 1402
[DEBUG] (MainThread) crawling 1403
[DEBUG] (MainThread) crawling 1404
[DEBUG] (MainThread) crawling 1405
[DEBUG] (MainThread) crawling 1406
[DEBUG] (MainThread) crawling 1407
[DEBUG] (MainThread) crawling 1408
[DEBUG] (MainThread) crawling 1409
[DEBUG] (MainThread) crawling 1410
[DEBUG] (MainThread) crawling 1411
[DEBUG] (MainThread) crawling 1412
[DEBUG] (MainThread) crawling 1413
[DEBUG] (MainThread) crawling 1414
[DEBUG] (MainThread) crawling 1415
[DEBUG] (MainThread) crawling 1416
[DEBUG] (MainThread) crawling 1417
[DEBUG] (MainThread) crawling 1418
