This file contains any messages produced by compilers while
running configure, to aid debugging if configure makes a mistake.

It was created by abiword configure 2.8.6, which was
generated by GNU Autoconf 2.65.  Invocation command line was

  $ ./configure 

## --------- ##
## Platform. ##
## --------- ##

hostname = EddiematoMacBook-Pro.local
uname -m = x86_64
uname -r = 12.0.0
uname -s = Darwin
uname -v = Darwin Kernel Version 12.0.0: Sun Jun 24 23:00:16 PDT 2012; root:xnu-2050.7.9~1/RELEASE_X86_64

/usr/bin/uname -p = i386
/bin/uname -X     = unknown

/bin/arch              = unknown
/usr/bin/arch -k       = unknown
/usr/convex/getsysinfo = unknown
/usr/bin/hostinfo      = Mach kernel version:
	 Darwin Kernel Version 12.0.0: Sun Jun 24 23:00:16 PDT 2012; root:xnu-2050.7.9~1/RELEASE_X86_64
Kernel configured for up to 8 processors.
4 processors are physically available.
8 processors are logically available.
Processor type: i486 (Intel 80486)
Processors active: 0 1 2 3 4 5 6 7
Primary memory available: 16.00 gigabytes
Default processor set: 232 tasks, 1067 threads, 8 processors
Load average: 1.90, Mach factor: 6.09
/bin/machine           = unknown
/usr/bin/oslevel       = unknown
/bin/universe          = unknown

PATH: /opt/local/bin
PATH: /opt/local/sbin
PATH: /usr/local/mysql/bin
PATH: /Users/eddiexie/Software/vpython/bin
PATH: /Library/Frameworks/Python.framework/Versions/2.7/bin
PATH: /usr/bin
PATH: /bin
PATH: /usr/sbin
PATH: /sbin
PATH: /usr/local/bin
PATH: /opt/X11/bin


## ----------- ##
## Core tests. ##
## ----------- ##

configure:3275: checking build system type
configure:3289: result: x86_64-apple-darwin12.0.0
configure:3309: checking host system type
configure:3322: result: x86_64-apple-darwin12.0.0
configure:3361: checking for a BSD-compatible install
configure:3429: result: /usr/bin/install -c
configure:3440: checking whether build environment is sane
configure:3490: result: yes
configure:3631: checking for a thread-safe mkdir -p
configure:3670: result: ./install-sh -c -d
configure:3683: checking for gawk
configure:3713: result: no
configure:3683: checking for mawk
configure:3713: result: no
configure:3683: checking for nawk
configure:3713: result: no
configure:3683: checking for awk
configure:3699: found /usr/bin/awk
configure:3710: result: awk
configure:3721: checking whether make sets $(MAKE)
configure:3743: result: yes
configure:3826: checking whether to disable maintainer-specific portions of Makefiles
configure:3835: result: yes
configure:4012: checking for gcc
configure:4028: found /usr/bin/gcc
configure:4039: result: gcc
configure:4268: checking for C compiler version
configure:4277: gcc --version >&5
i686-apple-darwin11-llvm-gcc-4.2 (GCC) 4.2.1 (Based on Apple Inc. build 5658) (LLVM build 2336.11.00)
Copyright (C) 2007 Free Software Foundation, Inc.
This is free software; see the source for copying conditions.  There is NO
warranty; not even for MERCHANTABILITY or FITNESS FOR A PARTICULAR PURPOSE.

configure:4288: $? = 0
configure:4277: gcc -v >&5
Using built-in specs.
Target: i686-apple-darwin11
Configured with: /private/var/tmp/llvmgcc42/llvmgcc42-2336.11~28/src/configure --disable-checking --enable-werror --prefix=/Applications/Xcode.app/Contents/Developer/usr/llvm-gcc-4.2 --mandir=/share/man --enable-languages=c,objc,c++,obj-c++ --program-prefix=llvm- --program-transform-name=/^[cg][^.-]*$/s/$/-4.2/ --with-slibdir=/usr/lib --build=i686-apple-darwin11 --enable-llvm=/private/var/tmp/llvmgcc42/llvmgcc42-2336.11~28/dst-llvmCore/Developer/usr/local --program-prefix=i686-apple-darwin11- --host=x86_64-apple-darwin11 --target=i686-apple-darwin11 --with-gxx-include-dir=/usr/include/c++/4.2.1
Thread model: posix
gcc version 4.2.1 (Based on Apple Inc. build 5658) (LLVM build 2336.11.00)
configure:4288: $? = 0
configure:4277: gcc -V >&5
llvm-gcc-4.2: argument to `-V' is missing
configure:4288: $? = 1
configure:4277: gcc -qversion >&5
i686-apple-darwin11-llvm-gcc-4.2: no input files
configure:4288: $? = 1
configure:4308: checking whether the C compiler works
configure:4330: gcc    conftest.c  >&5
configure:4334: $? = 0
configure:4383: result: yes
configure:4386: checking for C compiler default output file name
configure:4388: result: a.out
configure:4394: checking for suffix of executables
configure:4401: gcc -o conftest    conftest.c  >&5
configure:4405: $? = 0
configure:4427: result: 
configure:4449: checking whether we are cross compiling
configure:4457: gcc -o conftest    conftest.c  >&5
configure:4461: $? = 0
configure:4468: ./conftest
configure:4472: $? = 0
configure:4487: result: no
configure:4492: checking for suffix of object files
configure:4514: gcc -c   conftest.c >&5
configure:4518: $? = 0
configure:4539: result: o
configure:4543: checking whether we are using the GNU C compiler
configure:4562: gcc -c   conftest.c >&5
configure:4562: $? = 0
configure:4571: result: yes
configure:4580: checking whether gcc accepts -g
configure:4600: gcc -c -g  conftest.c >&5
configure:4600: $? = 0
configure:4641: result: yes
configure:4658: checking for gcc option to accept ISO C89
configure:4722: gcc  -c -g -O2  conftest.c >&5
configure:4722: $? = 0
configure:4735: result: none needed
configure:4766: checking for style of include used by make
configure:4794: result: GNU
configure:4819: checking dependency style of gcc
configure:4929: result: gcc3
configure:5002: checking for g++
configure:5018: found /usr/bin/g++
configure:5029: result: g++
configure:5056: checking for C++ compiler version
configure:5065: g++ --version >&5
i686-apple-darwin11-llvm-g++-4.2 (GCC) 4.2.1 (Based on Apple Inc. build 5658) (LLVM build 2336.11.00)
Copyright (C) 2007 Free Software Foundation, Inc.
This is free software; see the source for copying conditions.  There is NO
warranty; not even for MERCHANTABILITY or FITNESS FOR A PARTICULAR PURPOSE.

configure:5076: $? = 0
configure:5065: g++ -v >&5
Using built-in specs.
Target: i686-apple-darwin11
Configured with: /private/var/tmp/llvmgcc42/llvmgcc42-2336.11~28/src/configure --disable-checking --enable-werror --prefix=/Applications/Xcode.app/Contents/Developer/usr/llvm-gcc-4.2 --mandir=/share/man --enable-languages=c,objc,c++,obj-c++ --program-prefix=llvm- --program-transform-name=/^[cg][^.-]*$/s/$/-4.2/ --with-slibdir=/usr/lib --build=i686-apple-darwin11 --enable-llvm=/private/var/tmp/llvmgcc42/llvmgcc42-2336.11~28/dst-llvmCore/Developer/usr/local --program-prefix=i686-apple-darwin11- --host=x86_64-apple-darwin11 --target=i686-apple-darwin11 --with-gxx-include-dir=/usr/include/c++/4.2.1
Thread model: posix
gcc version 4.2.1 (Based on Apple Inc. build 5658) (LLVM build 2336.11.00)
configure:5076: $? = 0
configure:5065: g++ -V >&5
llvm-g++-4.2: argument to `-V' is missing
configure:5076: $? = 1
configure:5065: g++ -qversion >&5
i686-apple-darwin11-llvm-g++-4.2: no input files
configure:5076: $? = 1
configure:5080: checking whether we are using the GNU C++ compiler
configure:5099: g++ -c   conftest.cpp >&5
configure:5099: $? = 0
configure:5108: result: yes
configure:5117: checking whether g++ accepts -g
configure:5137: g++ -c -g  conftest.cpp >&5
configure:5137: $? = 0
configure:5178: result: yes
configure:5203: checking dependency style of g++
configure:5313: result: gcc3
configure:5660: checking for a sed that does not truncate output
configure:5724: result: /usr/bin/sed
configure:5742: checking for grep that handles long lines and -e
configure:5800: result: /usr/bin/grep
configure:5805: checking for egrep
configure:5867: result: /usr/bin/grep -E
configure:5872: checking for fgrep
configure:5934: result: /usr/bin/grep -F
configure:5969: checking for ld used by gcc
configure:6036: result: /usr/llvm-gcc-4.2/libexec/gcc/i686-apple-darwin11/4.2.1/ld
configure:6043: checking if the linker (/usr/llvm-gcc-4.2/libexec/gcc/i686-apple-darwin11/4.2.1/ld) is GNU ld
configure:6058: result: no
configure:6070: checking for BSD- or MS-compatible name lister (nm)
configure:6119: result: /usr/bin/nm
configure:6237: checking the name lister (/usr/bin/nm) interface
configure:6244: gcc -c -g -O2  conftest.c >&5
configure:6247: /usr/bin/nm "conftest.o"
configure:6250: output
00000000000001dc S _some_variable
configure:6257: result: BSD nm
configure:6260: checking whether ln -s works
configure:6264: result: yes
configure:6272: checking the maximum length of command line arguments
configure:6392: result: 196608
configure:6409: checking whether the shell understands some XSI constructs
configure:6419: result: yes
configure:6423: checking whether the shell understands "+="
configure:6429: result: yes
configure:6464: checking for /usr/llvm-gcc-4.2/libexec/gcc/i686-apple-darwin11/4.2.1/ld option to reload object files
configure:6471: result: -r
configure:6540: checking for objdump
configure:6567: result: objdump
configure:6596: checking how to recognize dependent libraries
configure:6792: result: pass_all
configure:6852: checking for ar
configure:6868: found /usr/bin/ar
configure:6879: result: ar
configure:6957: checking for strip
configure:6973: found /usr/bin/strip
configure:6984: result: strip
configure:7056: checking for ranlib
configure:7072: found /usr/bin/ranlib
configure:7083: result: ranlib
configure:7173: checking command to parse /usr/bin/nm output from gcc object
configure:7291: gcc -c -g -O2  conftest.c >&5
configure:7294: $? = 0
configure:7298: /usr/bin/nm conftest.o \| sed -n -e 's/^.*[	 ]\([BCDEGRST][BCDEGRST]*\)[	 ][	 ]*\([_A-Za-z][_A-Za-z0-9]*\)$/\1 \2 \2/p' \> conftest.nm
configure:7301: $? = 0
cannot find nm_test_var in conftest.nm
configure:7291: gcc -c -g -O2  conftest.c >&5
configure:7294: $? = 0
configure:7298: /usr/bin/nm conftest.o \| sed -n -e 's/^.*[	 ]\([BCDEGRST][BCDEGRST]*\)[	 ][	 ]*_\([_A-Za-z][_A-Za-z0-9]*\)$/\1 _\2 \2/p' \> conftest.nm
configure:7301: $? = 0
configure:7355: gcc -o conftest -g -O2   conftest.c conftstm.o >&5
configure:7358: $? = 0
configure:7396: result: ok
configure:7661: checking for dsymutil
configure:7677: found /usr/bin/dsymutil
configure:7688: result: dsymutil
configure:7753: checking for nmedit
configure:7769: found /usr/bin/nmedit
configure:7780: result: nmedit
configure:7845: checking for lipo
configure:7861: found /usr/bin/lipo
configure:7872: result: lipo
configure:7937: checking for otool
configure:7953: found /usr/bin/otool
configure:7964: result: otool
configure:8029: checking for otool64
configure:8059: result: no
configure:8104: checking for -single_module linker flag
gcc -g -O2  -o libconftest.dylib -dynamiclib -Wl,-single_module conftest.c
configure:8131: result: yes
configure:8133: checking for -exported_symbols_list linker flag
configure:8153: gcc -o conftest -g -O2   -Wl,-exported_symbols_list,conftest.sym conftest.c  >&5
configure:8153: $? = 0
configure:8163: result: yes
configure:8205: checking how to run the C preprocessor
configure:8236: gcc -E  conftest.c
configure:8236: $? = 0
configure:8250: gcc -E  conftest.c
conftest.c:14:28: error: ac_nonexistent.h: No such file or directory
configure:8250: $? = 1
configure: failed program was:
| /* confdefs.h */
| #define PACKAGE_NAME "abiword"
| #define PACKAGE_TARNAME "abiword"
| #define PACKAGE_VERSION "2.8.6"
| #define PACKAGE_STRING "abiword 2.8.6"
| #define PACKAGE_BUGREPORT "http://www.abisource.com/"
| #define PACKAGE_URL ""
| #define PACKAGE "abiword"
| #define VERSION "2.8.6"
| #define EMBEDDED_TARGET_GENERIC 1
| #define EMBEDDED_TARGET_HILDON 2
| #define EMBEDDED_TARGET_POKY 3
| /* end confdefs.h.  */
| #include <ac_nonexistent.h>
configure:8275: result: gcc -E
configure:8295: gcc -E  conftest.c
configure:8295: $? = 0
configure:8309: gcc -E  conftest.c
conftest.c:14:28: error: ac_nonexistent.h: No such file or directory
configure:8309: $? = 1
configure: failed program was:
| /* confdefs.h */
| #define PACKAGE_NAME "abiword"
| #define PACKAGE_TARNAME "abiword"
| #define PACKAGE_VERSION "2.8.6"
| #define PACKAGE_STRING "abiword 2.8.6"
| #define PACKAGE_BUGREPORT "http://www.abisource.com/"
| #define PACKAGE_URL ""
| #define PACKAGE "abiword"
| #define VERSION "2.8.6"
| #define EMBEDDED_TARGET_GENERIC 1
| #define EMBEDDED_TARGET_HILDON 2
| #define EMBEDDED_TARGET_POKY 3
| /* end confdefs.h.  */
| #include <ac_nonexistent.h>
configure:8338: checking for ANSI C header files
configure:8358: gcc -c -g -O2  conftest.c >&5
configure:8358: $? = 0
configure:8431: gcc -o conftest -g -O2   conftest.c  >&5
configure:8431: $? = 0
configure:8431: ./conftest
configure:8431: $? = 0
configure:8442: result: yes
configure:8455: checking for sys/types.h
configure:8455: gcc -c -g -O2  conftest.c >&5
configure:8455: $? = 0
configure:8455: result: yes
configure:8455: checking for sys/stat.h
configure:8455: gcc -c -g -O2  conftest.c >&5
configure:8455: $? = 0
configure:8455: result: yes
configure:8455: checking for stdlib.h
configure:8455: gcc -c -g -O2  conftest.c >&5
configure:8455: $? = 0
configure:8455: result: yes
configure:8455: checking for string.h
configure:8455: gcc -c -g -O2  conftest.c >&5
configure:8455: $? = 0
configure:8455: result: yes
configure:8455: checking for memory.h
configure:8455: gcc -c -g -O2  conftest.c >&5
configure:8455: $? = 0
configure:8455: result: yes
configure:8455: checking for strings.h
configure:8455: gcc -c -g -O2  conftest.c >&5
configure:8455: $? = 0
configure:8455: result: yes
configure:8455: checking for inttypes.h
configure:8455: gcc -c -g -O2  conftest.c >&5
configure:8455: $? = 0
configure:8455: result: yes
configure:8455: checking for stdint.h
configure:8455: gcc -c -g -O2  conftest.c >&5
configure:8455: $? = 0
configure:8455: result: yes
configure:8455: checking for unistd.h
configure:8455: gcc -c -g -O2  conftest.c >&5
configure:8455: $? = 0
configure:8455: result: yes
configure:8470: checking for dlfcn.h
configure:8470: gcc -c -g -O2  conftest.c >&5
configure:8470: $? = 0
configure:8470: result: yes
configure:8595: checking for C++ compiler version
configure:8604: g++ --version >&5
i686-apple-darwin11-llvm-g++-4.2 (GCC) 4.2.1 (Based on Apple Inc. build 5658) (LLVM build 2336.11.00)
Copyright (C) 2007 Free Software Foundation, Inc.
This is free software; see the source for copying conditions.  There is NO
warranty; not even for MERCHANTABILITY or FITNESS FOR A PARTICULAR PURPOSE.

configure:8615: $? = 0
configure:8604: g++ -v >&5
Using built-in specs.
Target: i686-apple-darwin11
Configured with: /private/var/tmp/llvmgcc42/llvmgcc42-2336.11~28/src/configure --disable-checking --enable-werror --prefix=/Applications/Xcode.app/Contents/Developer/usr/llvm-gcc-4.2 --mandir=/share/man --enable-languages=c,objc,c++,obj-c++ --program-prefix=llvm- --program-transform-name=/^[cg][^.-]*$/s/$/-4.2/ --with-slibdir=/usr/lib --build=i686-apple-darwin11 --enable-llvm=/private/var/tmp/llvmgcc42/llvmgcc42-2336.11~28/dst-llvmCore/Developer/usr/local --program-prefix=i686-apple-darwin11- --host=x86_64-apple-darwin11 --target=i686-apple-darwin11 --with-gxx-include-dir=/usr/include/c++/4.2.1
Thread model: posix
gcc version 4.2.1 (Based on Apple Inc. build 5658) (LLVM build 2336.11.00)
configure:8615: $? = 0
configure:8604: g++ -V >&5
llvm-g++-4.2: argument to `-V' is missing
configure:8615: $? = 1
configure:8604: g++ -qversion >&5
i686-apple-darwin11-llvm-g++-4.2: no input files
configure:8615: $? = 1
configure:8619: checking whether we are using the GNU C++ compiler
configure:8647: result: yes
configure:8656: checking whether g++ accepts -g
configure:8717: result: yes
configure:8742: checking dependency style of g++
configure:8852: result: gcc3
configure:8875: checking how to run the C++ preprocessor
configure:8902: g++ -E  conftest.cpp
configure:8902: $? = 0
configure:8916: g++ -E  conftest.cpp
conftest.cpp:25:28: error: ac_nonexistent.h: No such file or directory
configure:8916: $? = 1
configure: failed program was:
| /* confdefs.h */
| #define PACKAGE_NAME "abiword"
| #define PACKAGE_TARNAME "abiword"
| #define PACKAGE_VERSION "2.8.6"
| #define PACKAGE_STRING "abiword 2.8.6"
| #define PACKAGE_BUGREPORT "http://www.abisource.com/"
| #define PACKAGE_URL ""
| #define PACKAGE "abiword"
| #define VERSION "2.8.6"
| #define EMBEDDED_TARGET_GENERIC 1
| #define EMBEDDED_TARGET_HILDON 2
| #define EMBEDDED_TARGET_POKY 3
| #define STDC_HEADERS 1
| #define HAVE_SYS_TYPES_H 1
| #define HAVE_SYS_STAT_H 1
| #define HAVE_STDLIB_H 1
| #define HAVE_STRING_H 1
| #define HAVE_MEMORY_H 1
| #define HAVE_STRINGS_H 1
| #define HAVE_INTTYPES_H 1
| #define HAVE_STDINT_H 1
| #define HAVE_UNISTD_H 1
| #define HAVE_DLFCN_H 1
| /* end confdefs.h.  */
| #include <ac_nonexistent.h>
configure:8941: result: g++ -E
configure:8961: g++ -E  conftest.cpp
configure:8961: $? = 0
configure:8975: g++ -E  conftest.cpp
conftest.cpp:25:28: error: ac_nonexistent.h: No such file or directory
configure:8975: $? = 1
configure: failed program was:
| /* confdefs.h */
| #define PACKAGE_NAME "abiword"
| #define PACKAGE_TARNAME "abiword"
| #define PACKAGE_VERSION "2.8.6"
| #define PACKAGE_STRING "abiword 2.8.6"
| #define PACKAGE_BUGREPORT "http://www.abisource.com/"
| #define PACKAGE_URL ""
| #define PACKAGE "abiword"
| #define VERSION "2.8.6"
| #define EMBEDDED_TARGET_GENERIC 1
| #define EMBEDDED_TARGET_HILDON 2
| #define EMBEDDED_TARGET_POKY 3
| #define STDC_HEADERS 1
| #define HAVE_SYS_TYPES_H 1
| #define HAVE_SYS_STAT_H 1
| #define HAVE_STDLIB_H 1
| #define HAVE_STRING_H 1
| #define HAVE_MEMORY_H 1
| #define HAVE_STRINGS_H 1
| #define HAVE_INTTYPES_H 1
| #define HAVE_STDINT_H 1
| #define HAVE_UNISTD_H 1
| #define HAVE_DLFCN_H 1
| /* end confdefs.h.  */
| #include <ac_nonexistent.h>
configure:9179: checking for objdir
configure:9194: result: .libs
configure:9490: checking if gcc supports -fno-rtti -fno-exceptions
configure:9508: gcc -c -g -O2  -fno-rtti -fno-exceptions conftest.c >&5
cc1: warning: command line option "-fno-rtti" is valid for C++/ObjC++ but not for C
configure:9512: $? = 0
configure:9525: result: no
configure:9545: checking for gcc option to produce PIC
configure:9817: result: -fno-common -DPIC
configure:9829: checking if gcc PIC flag -fno-common -DPIC works
configure:9847: gcc -c -g -O2  -fno-common -DPIC -DPIC conftest.c >&5
configure:9851: $? = 0
configure:9864: result: yes
configure:9888: checking if gcc static flag -static works
configure:9916: result: no
configure:9931: checking if gcc supports -c -o file.o
configure:9952: gcc -c -g -O2  -o out/conftest2.o conftest.c >&5
configure:9956: $? = 0
configure:9978: result: yes
configure:9986: checking if gcc supports -c -o file.o
configure:10033: result: yes
configure:10066: checking whether the gcc linker (/usr/llvm-gcc-4.2/libexec/gcc/i686-apple-darwin11/4.2.1/ld) supports shared libraries
configure:11052: result: yes
configure:11291: checking dynamic linker characteristics
configure:11945: result: darwin12.0.0 dyld
configure:12047: checking how to hardcode library paths into programs
configure:12072: result: immediate
configure:12592: checking whether stripping libraries is possible
configure:12606: result: yes
configure:12632: checking if libtool supports shared libraries
configure:12634: result: yes
configure:12637: checking whether to build shared libraries
configure:12658: result: yes
configure:12661: checking whether to build static libraries
configure:12665: result: yes
configure:12815: checking for ld used by g++
configure:12882: result: /usr/llvm-gcc-4.2/libexec/gcc/i686-apple-darwin11/4.2.1/ld
configure:12889: checking if the linker (/usr/llvm-gcc-4.2/libexec/gcc/i686-apple-darwin11/4.2.1/ld) is GNU ld
configure:12904: result: no
configure:12959: checking whether the g++ linker (/usr/llvm-gcc-4.2/libexec/gcc/i686-apple-darwin11/4.2.1/ld) supports shared libraries
configure:13872: result: yes
configure:13900: g++ -c -g -O2  conftest.cpp >&5
configure:13903: $? = 0
configure:14085: checking for g++ option to produce PIC
configure:14402: result: -fno-common -DPIC
configure:14411: checking if g++ PIC flag -fno-common -DPIC works
configure:14429: g++ -c -g -O2  -fno-common -DPIC -DPIC conftest.cpp >&5
configure:14433: $? = 0
configure:14446: result: yes
configure:14467: checking if g++ static flag -static works
configure:14495: result: no
configure:14507: checking if g++ supports -c -o file.o
configure:14528: g++ -c -g -O2  -o out/conftest2.o conftest.cpp >&5
configure:14532: $? = 0
configure:14554: result: yes
configure:14559: checking if g++ supports -c -o file.o
configure:14606: result: yes
configure:14636: checking whether the g++ linker (/usr/llvm-gcc-4.2/libexec/gcc/i686-apple-darwin11/4.2.1/ld) supports shared libraries
configure:14662: result: yes
configure:14799: checking dynamic linker characteristics
configure:15401: result: darwin12.0.0 dyld
configure:15452: checking how to hardcode library paths into programs
configure:15477: result: immediate
configure:15541: checking for bash
configure:15559: found /bin/bash
configure:15571: result: /bin/bash
configure:15579: checking if dolt supports this host
configure:15601: result: no, falling back to libtool
configure:15733: checking whether ln -s works
configure:15737: result: yes
configure:15745: checking for platform and toolkit
configure:15761: result: unix / cocoa
configure:15792: checking sys/time.h usability
configure:15792: gcc -c -g -O2  conftest.c >&5
configure:15792: $? = 0
configure:15792: result: yes
configure:15792: checking sys/time.h presence
configure:15792: gcc -E  conftest.c
configure:15792: $? = 0
configure:15792: result: yes
configure:15792: checking for sys/time.h
configure:15792: result: yes
configure:15804: checking for working strtod
configure:15845: gcc -o conftest -g -O2   conftest.c  >&5
configure:15845: $? = 0
configure:15845: ./conftest
configure:15845: $? = 0
configure:15855: result: yes
configure:15917: checking for uint32_t
configure:15917: gcc -c -g -O2  conftest.c >&5
configure:15917: $? = 0
configure:15917: result: yes
configure:15939: checking for alarm
configure:15939: gcc -o conftest -g -O2   conftest.c  >&5
configure:15939: $? = 0
configure:15939: result: yes
configure:15939: checking for gettimeofday
configure:15939: gcc -o conftest -g -O2   conftest.c  >&5
configure:15939: $? = 0
configure:15939: result: yes
configure:15939: checking for localeconv
configure:15939: gcc -o conftest -g -O2   conftest.c  >&5
configure:15939: $? = 0
configure:15939: result: yes
configure:15939: checking for strcspn
configure:15939: gcc -o conftest -g -O2   conftest.c  >&5
conftest.c:55: warning: conflicting types for built-in function 'strcspn'
configure:15939: $? = 0
configure:15939: result: yes
configure:15939: checking for strncasecmp
configure:15939: gcc -o conftest -g -O2   conftest.c  >&5
conftest.c:56: warning: conflicting types for built-in function 'strncasecmp'
configure:15939: $? = 0
configure:15939: result: yes
configure:15939: checking for strtoul
configure:15939: gcc -o conftest -g -O2   conftest.c  >&5
configure:15939: $? = 0
configure:15939: result: yes
configure:16084: checking for pkg-config
configure:16102: found /opt/local/bin/pkg-config
configure:16114: result: /opt/local/bin/pkg-config
configure:16139: checking pkg-config is at least version 0.9.0
configure:16142: result: yes
configure:16316: $PKG_CONFIG --exists --print-errors " $gio_req "
configure:16319: $? = 0
configure:16439: checking whether gcc understands -Wall
configure:16452: g++ -c -g -O2  -Wall conftest.cpp >&5
configure:16452: $? = 0
configure:16461: result: yes
configure:16439: checking whether gcc understands -Wextra
configure:16452: g++ -c -g -O2  -Wall -Wextra conftest.cpp >&5
configure:16452: $? = 0
configure:16461: result: yes
configure:16439: checking whether gcc understands -Wsign-compare
configure:16452: g++ -c -g -O2  -Wall -Wextra -Wsign-compare conftest.cpp >&5
configure:16452: $? = 0
configure:16461: result: yes
configure:16439: checking whether gcc understands -Wpointer-arith
configure:16452: g++ -c -g -O2  -Wall -Wextra -Wsign-compare -Wpointer-arith conftest.cpp >&5
configure:16452: $? = 0
configure:16461: result: yes
configure:16439: checking whether gcc understands -Wchar-subscripts
configure:16452: g++ -c -g -O2  -Wall -Wextra -Wsign-compare -Wpointer-arith -Wchar-subscripts conftest.cpp >&5
configure:16452: $? = 0
configure:16461: result: yes
configure:16439: checking whether gcc understands -Wwrite-strings
configure:16452: g++ -c -g -O2  -Wall -Wextra -Wsign-compare -Wpointer-arith -Wchar-subscripts -Wwrite-strings conftest.cpp >&5
configure:16452: $? = 0
configure:16461: result: yes
configure:16439: checking whether gcc understands -Wmissing-noreturn
configure:16452: g++ -c -g -O2  -Wall -Wextra -Wsign-compare -Wpointer-arith -Wchar-subscripts -Wwrite-strings -Wmissing-noreturn conftest.cpp >&5
configure:16452: $? = 0
configure:16461: result: yes
configure:16439: checking whether gcc understands -Wunused
configure:16452: g++ -c -g -O2  -Wall -Wextra -Wsign-compare -Wpointer-arith -Wchar-subscripts -Wwrite-strings -Wmissing-noreturn -Wunused conftest.cpp >&5
configure:16452: $? = 0
configure:16461: result: yes
configure:16439: checking whether gcc understands -Wpointer-arith
configure:16452: g++ -c -g -O2  -Wall -Wextra -Wsign-compare -Wpointer-arith -Wchar-subscripts -Wwrite-strings -Wmissing-noreturn -Wunused -Wpointer-arith conftest.cpp >&5
configure:16452: $? = 0
configure:16461: result: yes
configure:16439: checking whether gcc understands -Wshadow
configure:16452: g++ -c -g -O2  -Wall -Wextra -Wsign-compare -Wpointer-arith -Wchar-subscripts -Wwrite-strings -Wmissing-noreturn -Wunused -Wpointer-arith -Wshadow conftest.cpp >&5
configure:16452: $? = 0
configure:16461: result: yes
configure:16481: checking for libpng
configure:16484: result: yes
configure:16488: checking for PNG
configure:16495: $PKG_CONFIG --exists --print-errors "$l"
configure:16498: $? = 0
configure:16511: $PKG_CONFIG --exists --print-errors "$l"
configure:16514: $? = 0
configure:16551: result: yes
configure:16577: checking jpeglib.h usability
configure:16577: gcc -c -g -O2  -Wall -Wextra -Wsign-compare -Wpointer-arith -Wchar-subscripts -Wwrite-strings -Wmissing-noreturn -Wunused -Wpointer-arith -Wshadow conftest.c >&5
conftest.c:68:21: error: jpeglib.h: No such file or directory
configure:16577: $? = 1
configure: failed program was:
| /* confdefs.h */
| #define PACKAGE_NAME "abiword"
| #define PACKAGE_TARNAME "abiword"
| #define PACKAGE_VERSION "2.8.6"
| #define PACKAGE_STRING "abiword 2.8.6"
| #define PACKAGE_BUGREPORT "http://www.abisource.com/"
| #define PACKAGE_URL ""
| #define PACKAGE "abiword"
| #define VERSION "2.8.6"
| #define EMBEDDED_TARGET_GENERIC 1
| #define EMBEDDED_TARGET_HILDON 2
| #define EMBEDDED_TARGET_POKY 3
| #define STDC_HEADERS 1
| #define HAVE_SYS_TYPES_H 1
| #define HAVE_SYS_STAT_H 1
| #define HAVE_STDLIB_H 1
| #define HAVE_STRING_H 1
| #define HAVE_MEMORY_H 1
| #define HAVE_STRINGS_H 1
| #define HAVE_INTTYPES_H 1
| #define HAVE_STDINT_H 1
| #define HAVE_UNISTD_H 1
| #define HAVE_DLFCN_H 1
| #define LT_OBJDIR ".libs/"
| #define PLATFORM "unix"
| #define TOOLKIT "cocoa"
| #define HAVE_SYS_TIME_H 1
| #define HAVE_ALARM 1
| #define HAVE_GETTIMEOFDAY 1
| #define HAVE_LOCALECONV 1
| #define HAVE_STRCSPN 1
| #define HAVE_STRNCASECMP 1
| #define HAVE_STRTOUL 1
| /* end confdefs.h.  */
| #include <stdio.h>
| #ifdef HAVE_SYS_TYPES_H
| # include <sys/types.h>
| #endif
| #ifdef HAVE_SYS_STAT_H
| # include <sys/stat.h>
| #endif
| #ifdef STDC_HEADERS
| # include <stdlib.h>
| # include <stddef.h>
| #else
| # ifdef HAVE_STDLIB_H
| #  include <stdlib.h>
| # endif
| #endif
| #ifdef HAVE_STRING_H
| # if !defined STDC_HEADERS && defined HAVE_MEMORY_H
| #  include <memory.h>
| # endif
| # include <string.h>
| #endif
| #ifdef HAVE_STRINGS_H
| # include <strings.h>
| #endif
| #ifdef HAVE_INTTYPES_H
| # include <inttypes.h>
| #endif
| #ifdef HAVE_STDINT_H
| # include <stdint.h>
| #endif
| #ifdef HAVE_UNISTD_H
| # include <unistd.h>
| #endif
| #include <jpeglib.h>
configure:16577: result: no
configure:16577: checking jpeglib.h presence
configure:16577: gcc -E  -Wall -Wextra -Wsign-compare -Wpointer-arith -Wchar-subscripts -Wwrite-strings -Wmissing-noreturn -Wunused -Wpointer-arith -Wshadow conftest.c
conftest.c:35:21: error: jpeglib.h: No such file or directory
configure:16577: $? = 1
configure: failed program was:
| /* confdefs.h */
| #define PACKAGE_NAME "abiword"
| #define PACKAGE_TARNAME "abiword"
| #define PACKAGE_VERSION "2.8.6"
| #define PACKAGE_STRING "abiword 2.8.6"
| #define PACKAGE_BUGREPORT "http://www.abisource.com/"
| #define PACKAGE_URL ""
| #define PACKAGE "abiword"
| #define VERSION "2.8.6"
| #define EMBEDDED_TARGET_GENERIC 1
| #define EMBEDDED_TARGET_HILDON 2
| #define EMBEDDED_TARGET_POKY 3
| #define STDC_HEADERS 1
| #define HAVE_SYS_TYPES_H 1
| #define HAVE_SYS_STAT_H 1
| #define HAVE_STDLIB_H 1
| #define HAVE_STRING_H 1
| #define HAVE_MEMORY_H 1
| #define HAVE_STRINGS_H 1
| #define HAVE_INTTYPES_H 1
| #define HAVE_STDINT_H 1
| #define HAVE_UNISTD_H 1
| #define HAVE_DLFCN_H 1
| #define LT_OBJDIR ".libs/"
| #define PLATFORM "unix"
| #define TOOLKIT "cocoa"
| #define HAVE_SYS_TIME_H 1
| #define HAVE_ALARM 1
| #define HAVE_GETTIMEOFDAY 1
| #define HAVE_LOCALECONV 1
| #define HAVE_STRCSPN 1
| #define HAVE_STRNCASECMP 1
| #define HAVE_STRTOUL 1
| /* end confdefs.h.  */
| #include <jpeglib.h>
configure:16577: result: no
configure:16577: checking for jpeglib.h
configure:16577: result: no
configure:16632: error: jpeg.h not found

## ---------------- ##
## Cache variables. ##
## ---------------- ##

abi_cv_clipart=no
abi_cv_debug=no
abi_cv_emacs_keybinding=yes
abi_cv_embedded_platform=no
abi_cv_embedded_target=no
abi_cv_gio=yes
abi_cv_gnomevfs=no
abi_cv_menubutton=no
abi_cv_png=yes
abi_cv_print=yes
abi_cv_spell=yes
abi_cv_statusbar=yes
abi_cv_templates=no
abi_cv_vi_keybinding=yes
ac_cv_build=x86_64-apple-darwin12.0.0
ac_cv_c_compiler_gnu=yes
ac_cv_c_uint32_t=yes
ac_cv_cxx_compiler_gnu=yes
ac_cv_env_AIKSAURUS_CFLAGS_set=
ac_cv_env_AIKSAURUS_CFLAGS_value=
ac_cv_env_AIKSAURUS_GTK_CFLAGS_set=
ac_cv_env_AIKSAURUS_GTK_CFLAGS_value=
ac_cv_env_AIKSAURUS_GTK_LIBS_set=
ac_cv_env_AIKSAURUS_GTK_LIBS_value=
ac_cv_env_AIKSAURUS_LIBS_set=
ac_cv_env_AIKSAURUS_LIBS_value=
ac_cv_env_APPLIX_CFLAGS_set=
ac_cv_env_APPLIX_CFLAGS_value=
ac_cv_env_APPLIX_LIBS_set=
ac_cv_env_APPLIX_LIBS_value=
ac_cv_env_CCC_set=
ac_cv_env_CCC_value=
ac_cv_env_CC_set=
ac_cv_env_CC_value=
ac_cv_env_CFLAGS_set=
ac_cv_env_CFLAGS_value=
ac_cv_env_CLARISWORKS_CFLAGS_set=
ac_cv_env_CLARISWORKS_CFLAGS_value=
ac_cv_env_CLARISWORKS_LIBS_set=
ac_cv_env_CLARISWORKS_LIBS_value=
ac_cv_env_COLLAB_CFLAGS_set=
ac_cv_env_COLLAB_CFLAGS_value=
ac_cv_env_COLLAB_LIBS_set=
ac_cv_env_COLLAB_LIBS_value=
ac_cv_env_CPPFLAGS_set=
ac_cv_env_CPPFLAGS_value=
ac_cv_env_CPP_set=
ac_cv_env_CPP_value=
ac_cv_env_CXXCPP_set=
ac_cv_env_CXXCPP_value=
ac_cv_env_CXXFLAGS_set=
ac_cv_env_CXXFLAGS_value=
ac_cv_env_CXX_set=
ac_cv_env_CXX_value=
ac_cv_env_DEPS_CFLAGS_set=
ac_cv_env_DEPS_CFLAGS_value=
ac_cv_env_DEPS_LIBS_set=
ac_cv_env_DEPS_LIBS_value=
ac_cv_env_DOCBOOK_CFLAGS_set=
ac_cv_env_DOCBOOK_CFLAGS_value=
ac_cv_env_DOCBOOK_LIBS_set=
ac_cv_env_DOCBOOK_LIBS_value=
ac_cv_env_GARBLE_CFLAGS_set=
ac_cv_env_GARBLE_CFLAGS_value=
ac_cv_env_GARBLE_LIBS_set=
ac_cv_env_GARBLE_LIBS_value=
ac_cv_env_GDA_CFLAGS_set=
ac_cv_env_GDA_CFLAGS_value=
ac_cv_env_GDA_LIBS_set=
ac_cv_env_GDA_LIBS_value=
ac_cv_env_GOFFICE_CFLAGS_set=
ac_cv_env_GOFFICE_CFLAGS_value=
ac_cv_env_GOFFICE_LIBS_set=
ac_cv_env_GOFFICE_LIBS_value=
ac_cv_env_GRAMMAR_CFLAGS_set=
ac_cv_env_GRAMMAR_CFLAGS_value=
ac_cv_env_GRAMMAR_LIBS_set=
ac_cv_env_GRAMMAR_LIBS_value=
ac_cv_env_GSFGI_CFLAGS_set=
ac_cv_env_GSFGI_CFLAGS_value=
ac_cv_env_GSFGI_LIBS_set=
ac_cv_env_GSFGI_LIBS_value=
ac_cv_env_GTK214_CFLAGS_set=
ac_cv_env_GTK214_CFLAGS_value=
ac_cv_env_GTK214_LIBS_set=
ac_cv_env_GTK214_LIBS_value=
ac_cv_env_HANCOM_CFLAGS_set=
ac_cv_env_HANCOM_CFLAGS_value=
ac_cv_env_HANCOM_LIBS_set=
ac_cv_env_HANCOM_LIBS_value=
ac_cv_env_KWORD_CFLAGS_set=
ac_cv_env_KWORD_CFLAGS_value=
ac_cv_env_KWORD_LIBS_set=
ac_cv_env_KWORD_LIBS_value=
ac_cv_env_LDFLAGS_set=
ac_cv_env_LDFLAGS_value=
ac_cv_env_LIBGSF_CFLAGS_set=
ac_cv_env_LIBGSF_CFLAGS_value=
ac_cv_env_LIBGSF_LIBS_set=
ac_cv_env_LIBGSF_LIBS_value=
ac_cv_env_LIBS_set=
ac_cv_env_LIBS_value=
ac_cv_env_LIBXSLT_CFLAGS_set=
ac_cv_env_LIBXSLT_CFLAGS_value=
ac_cv_env_LIBXSLT_LIBS_set=
ac_cv_env_LIBXSLT_LIBS_value=
ac_cv_env_LOADBINDINGS_CFLAGS_set=
ac_cv_env_LOADBINDINGS_CFLAGS_value=
ac_cv_env_LOADBINDINGS_LIBS_set=
ac_cv_env_LOADBINDINGS_LIBS_value=
ac_cv_env_MATHVIEW_CFLAGS_set=
ac_cv_env_MATHVIEW_CFLAGS_value=
ac_cv_env_MATHVIEW_LIBS_set=
ac_cv_env_MATHVIEW_LIBS_value=
ac_cv_env_MHT_CFLAGS_set=
ac_cv_env_MHT_CFLAGS_value=
ac_cv_env_MHT_LIBS_set=
ac_cv_env_MHT_LIBS_value=
ac_cv_env_MSWRITE_CFLAGS_set=
ac_cv_env_MSWRITE_CFLAGS_value=
ac_cv_env_MSWRITE_LIBS_set=
ac_cv_env_MSWRITE_LIBS_value=
ac_cv_env_OPENDOCUMENT_CFLAGS_set=
ac_cv_env_OPENDOCUMENT_CFLAGS_value=
ac_cv_env_OPENDOCUMENT_LIBS_set=
ac_cv_env_OPENDOCUMENT_LIBS_value=
ac_cv_env_OPENWRITER_CFLAGS_set=
ac_cv_env_OPENWRITER_CFLAGS_value=
ac_cv_env_OPENWRITER_LIBS_set=
ac_cv_env_OPENWRITER_LIBS_value=
ac_cv_env_OPENXML_CFLAGS_set=
ac_cv_env_OPENXML_CFLAGS_value=
ac_cv_env_OPENXML_LIBS_set=
ac_cv_env_OPENXML_LIBS_value=
ac_cv_env_OTS_CFLAGS_set=
ac_cv_env_OTS_CFLAGS_value=
ac_cv_env_OTS_LIBS_set=
ac_cv_env_OTS_LIBS_value=
ac_cv_env_PDB_CFLAGS_set=
ac_cv_env_PDB_CFLAGS_value=
ac_cv_env_PDB_LIBS_set=
ac_cv_env_PDB_LIBS_value=
ac_cv_env_PDF_CFLAGS_set=
ac_cv_env_PDF_CFLAGS_value=
ac_cv_env_PDF_LIBS_set=
ac_cv_env_PDF_LIBS_value=
ac_cv_env_PKG_CONFIG_LIBDIR_set=
ac_cv_env_PKG_CONFIG_LIBDIR_value=
ac_cv_env_PKG_CONFIG_PATH_set=
ac_cv_env_PKG_CONFIG_PATH_value=
ac_cv_env_PKG_CONFIG_set=
ac_cv_env_PKG_CONFIG_value=
ac_cv_env_PLUGIN_CFLAGS_set=
ac_cv_env_PLUGIN_CFLAGS_value=
ac_cv_env_PLUGIN_LIBS_set=
ac_cv_env_PLUGIN_LIBS_value=
ac_cv_env_PNG_CFLAGS_set=
ac_cv_env_PNG_CFLAGS_value=
ac_cv_env_PNG_LIBS_set=
ac_cv_env_PNG_LIBS_value=
ac_cv_env_RSVG_CFLAGS_set=
ac_cv_env_RSVG_CFLAGS_value=
ac_cv_env_RSVG_LIBS_set=
ac_cv_env_RSVG_LIBS_value=
ac_cv_env_SDW_CFLAGS_set=
ac_cv_env_SDW_CFLAGS_value=
ac_cv_env_SDW_LIBS_set=
ac_cv_env_SDW_LIBS_value=
ac_cv_env_T602_CFLAGS_set=
ac_cv_env_T602_CFLAGS_value=
ac_cv_env_T602_LIBS_set=
ac_cv_env_T602_LIBS_value=
ac_cv_env_WML_CFLAGS_set=
ac_cv_env_WML_CFLAGS_value=
ac_cv_env_WML_LIBS_set=
ac_cv_env_WML_LIBS_value=
ac_cv_env_WORDPERFECT_CFLAGS_set=
ac_cv_env_WORDPERFECT_CFLAGS_value=
ac_cv_env_WORDPERFECT_LIBS_set=
ac_cv_env_WORDPERFECT_LIBS_value=
ac_cv_env_WPG_CFLAGS_set=
ac_cv_env_WPG_CFLAGS_value=
ac_cv_env_WPG_LIBS_set=
ac_cv_env_WPG_LIBS_value=
ac_cv_env_XSLFO_CFLAGS_set=
ac_cv_env_XSLFO_CFLAGS_value=
ac_cv_env_XSLFO_LIBS_set=
ac_cv_env_XSLFO_LIBS_value=
ac_cv_env_YACC_set=
ac_cv_env_YACC_value=
ac_cv_env_YFLAGS_set=
ac_cv_env_YFLAGS_value=
ac_cv_env_build_alias_set=
ac_cv_env_build_alias_value=
ac_cv_env_host_alias_set=
ac_cv_env_host_alias_value=
ac_cv_env_target_alias_set=
ac_cv_env_target_alias_value=
ac_cv_func_alarm=yes
ac_cv_func_gettimeofday=yes
ac_cv_func_localeconv=yes
ac_cv_func_strcspn=yes
ac_cv_func_strncasecmp=yes
ac_cv_func_strtod=yes
ac_cv_func_strtoul=yes
ac_cv_header_dlfcn_h=yes
ac_cv_header_inttypes_h=yes
ac_cv_header_jpeglib_h=no
ac_cv_header_memory_h=yes
ac_cv_header_stdc=yes
ac_cv_header_stdint_h=yes
ac_cv_header_stdlib_h=yes
ac_cv_header_string_h=yes
ac_cv_header_strings_h=yes
ac_cv_header_sys_stat_h=yes
ac_cv_header_sys_time_h=yes
ac_cv_header_sys_types_h=yes
ac_cv_header_unistd_h=yes
ac_cv_host=x86_64-apple-darwin12.0.0
ac_cv_objext=o
ac_cv_path_DOLT_BASH=/bin/bash
ac_cv_path_EGREP='/usr/bin/grep -E'
ac_cv_path_FGREP='/usr/bin/grep -F'
ac_cv_path_GREP=/usr/bin/grep
ac_cv_path_SED=/usr/bin/sed
ac_cv_path_ac_pt_PKG_CONFIG=/opt/local/bin/pkg-config
ac_cv_path_install='/usr/bin/install -c'
ac_cv_prog_AWK=awk
ac_cv_prog_CPP='gcc -E'
ac_cv_prog_CXXCPP='g++ -E'
ac_cv_prog_ac_ct_AR=ar
ac_cv_prog_ac_ct_CC=gcc
ac_cv_prog_ac_ct_CXX=g++
ac_cv_prog_ac_ct_DSYMUTIL=dsymutil
ac_cv_prog_ac_ct_LIPO=lipo
ac_cv_prog_ac_ct_NMEDIT=nmedit
ac_cv_prog_ac_ct_OBJDUMP=objdump
ac_cv_prog_ac_ct_OTOOL=otool
ac_cv_prog_ac_ct_RANLIB=ranlib
ac_cv_prog_ac_ct_STRIP=strip
ac_cv_prog_cc_c89=
ac_cv_prog_cc_g=yes
ac_cv_prog_cxx_g=yes
ac_cv_prog_make_make_set=yes
am_cv_CC_dependencies_compiler_type=gcc3
am_cv_CXX_dependencies_compiler_type=gcc3
lt_cv_apple_cc_single_mod=yes
lt_cv_deplibs_check_method=pass_all
lt_cv_file_magic_cmd='$MAGIC_CMD'
lt_cv_file_magic_test_file=
lt_cv_ld_exported_symbols_list=yes
lt_cv_ld_reload_flag=-r
lt_cv_nm_interface='BSD nm'
lt_cv_objdir=.libs
lt_cv_path_LD=/usr/llvm-gcc-4.2/libexec/gcc/i686-apple-darwin11/4.2.1/ld
lt_cv_path_LDCXX=/usr/llvm-gcc-4.2/libexec/gcc/i686-apple-darwin11/4.2.1/ld
lt_cv_path_NM=/usr/bin/nm
lt_cv_prog_compiler_c_o=yes
lt_cv_prog_compiler_c_o_CXX=yes
lt_cv_prog_compiler_pic_works=yes
lt_cv_prog_compiler_pic_works_CXX=yes
lt_cv_prog_compiler_rtti_exceptions=no
lt_cv_prog_compiler_static_works=no
lt_cv_prog_compiler_static_works_CXX=no
lt_cv_prog_gnu_ld=no
lt_cv_prog_gnu_ldcxx=no
lt_cv_sys_global_symbol_pipe='sed -n -e '\''s/^.*[	 ]\([BCDEGRST][BCDEGRST]*\)[	 ][	 ]*_\([_A-Za-z][_A-Za-z0-9]*\)$/\1 _\2 \2/p'\'''
lt_cv_sys_global_symbol_to_c_name_address='sed -n -e '\''s/^: \([^ ]*\) $/  {\"\1\", (void *) 0},/p'\'' -e '\''s/^[BCDEGRST]* \([^ ]*\) \([^ ]*\)$/  {"\2", (void *) \&\2},/p'\'''
lt_cv_sys_global_symbol_to_c_name_address_lib_prefix='sed -n -e '\''s/^: \([^ ]*\) $/  {\"\1\", (void *) 0},/p'\'' -e '\''s/^[BCDEGRST]* \([^ ]*\) \(lib[^ ]*\)$/  {"\2", (void *) \&\2},/p'\'' -e '\''s/^[BCDEGRST]* \([^ ]*\) \([^ ]*\)$/  {"lib\2", (void *) \&\2},/p'\'''
lt_cv_sys_global_symbol_to_cdecl='sed -n -e '\''s/^T .* \(.*\)$/extern int \1();/p'\'' -e '\''s/^[BCDEGRST]* .* \(.*\)$/extern char \1;/p'\'''
lt_cv_sys_max_cmd_len=196608
pkg_cv_PNG_CFLAGS='-I/opt/local/include/libpng15  '
pkg_cv_PNG_LIBS='-L/opt/local/lib -lpng15  '

## ----------------- ##
## Output variables. ##
## ----------------- ##

ABIWORD_CONTENTSDIR=''
ABIWORD_DATADIR=''
ABIWORD_HEADERSDIR=''
ABIWORD_LIBDIR=''
ABIWORD_MACOSDIR=''
ABIWORD_PLUGINSDIR=''
ABIWORD_REQUIRED_PKGS=''
ABIWORD_SERIES=''
ABIWORD_UIDIR=''
ABIWORD_XSLTMLDIR=''
ABI_XHTML_MHT_FALSE=''
ABI_XHTML_MHT_TRUE=''
ABI_XHTML_TIDY_FALSE=''
ABI_XHTML_TIDY_TRUE=''
ABI_XHTML_XML2_FALSE=''
ABI_XHTML_XML2_TRUE=''
ACLOCAL='${SHELL} /Users/eddiexie/work/Quantitative-Architecture/spellcheck/abiword-2.8.6/missing --run aclocal-1.11'
AF_CPPFLAGS=''
AF_TEST_CPPFLAGS=''
AIKSAURUS_BUILTIN_FALSE=''
AIKSAURUS_BUILTIN_TRUE=''
AIKSAURUS_CFLAGS=''
AIKSAURUS_GTK_CFLAGS=''
AIKSAURUS_GTK_LIBS=''
AIKSAURUS_LIBS=''
ALL_PLUGINS=''
AMDEPBACKSLASH='\'
AMDEP_FALSE='#'
AMDEP_TRUE=''
AMTAR='${SHELL} /Users/eddiexie/work/Quantitative-Architecture/spellcheck/abiword-2.8.6/missing --run tar'
AM_MAKEFLAGS=''
APPLIX_BUILTIN_FALSE=''
APPLIX_BUILTIN_TRUE=''
APPLIX_CFLAGS=''
APPLIX_LIBS=''
AR='ar'
AS='as'
AUTOCONF='${SHELL} /Users/eddiexie/work/Quantitative-Architecture/spellcheck/abiword-2.8.6/missing --run autoconf'
AUTOHEADER='${SHELL} /Users/eddiexie/work/Quantitative-Architecture/spellcheck/abiword-2.8.6/missing --run autoheader'
AUTOMAKE='${SHELL} /Users/eddiexie/work/Quantitative-Architecture/spellcheck/abiword-2.8.6/missing --run automake-1.11'
AWK='awk'
BABELFISH_BUILTIN_FALSE=''
BABELFISH_BUILTIN_TRUE=''
BABELFISH_CFLAGS=''
BABELFISH_LIBS=''
BASE_CPPFLAGS=''
BMP_BUILTIN_FALSE=''
BMP_BUILTIN_TRUE=''
BMP_CFLAGS=''
BMP_LIBS=''
BOOST_CPPFLAGS=''
BOOST_LDFLAGS=''
BUILTIN_PLUGINS=''
BUILTIN_PLUGINS_LA=''
CC='gcc'
CCDEPMODE='depmode=gcc3'
CFLAGS='-g -O2'
CLARISWORKS_BUILTIN_FALSE=''
CLARISWORKS_BUILTIN_TRUE=''
CLARISWORKS_CFLAGS=''
CLARISWORKS_LIBS=''
COLLAB_BACKEND_FAKE_FALSE=''
COLLAB_BACKEND_FAKE_TRUE=''
COLLAB_BACKEND_SERVICE_FALSE=''
COLLAB_BACKEND_SERVICE_TRUE=''
COLLAB_BACKEND_SUGAR_FALSE=''
COLLAB_BACKEND_SUGAR_TRUE=''
COLLAB_BACKEND_TCP_FALSE=''
COLLAB_BACKEND_TCP_TRUE=''
COLLAB_BACKEND_TELEPATHY_FALSE=''
COLLAB_BACKEND_TELEPATHY_TRUE=''
COLLAB_BACKEND_XMPP_FALSE=''
COLLAB_BACKEND_XMPP_TRUE=''
COLLAB_BUILTIN_FALSE=''
COLLAB_BUILTIN_TRUE=''
COLLAB_CFLAGS=''
COLLAB_LIBS=''
COLLAB_RCFLAGS=''
COLLAB_RECORD_ALWAYS_FALSE=''
COLLAB_RECORD_ALWAYS_TRUE=''
COMMAND_BUILTIN_FALSE=''
COMMAND_BUILTIN_TRUE=''
COMMAND_CFLAGS=''
COMMAND_LIBS=''
CONVERT=''
CPP='gcc -E'
CPPFLAGS=' -Wall -Wextra -Wsign-compare -Wpointer-arith -Wchar-subscripts -Wwrite-strings -Wmissing-noreturn -Wunused -Wpointer-arith -Wshadow'
CXX='g++'
CXXCPP='g++ -E'
CXXDEPMODE='depmode=gcc3'
CXXFLAGS='-g -O2'
CYGPATH_W='echo'
DEBUG_FALSE=''
DEBUG_TRUE=''
DEFS=''
DEPDIR='.deps'
DEPS_CFLAGS=''
DEPS_LIBS=''
DLLTOOL='dlltool'
DOCBOOK_BUILTIN_FALSE=''
DOCBOOK_BUILTIN_TRUE=''
DOCBOOK_CFLAGS=''
DOCBOOK_LIBS=''
DOLT_BASH='/bin/bash'
DSYMUTIL='dsymutil'
DUMPBIN=''
ECHO_C='\c'
ECHO_N=''
ECHO_T=''
EGREP='/usr/bin/grep -E'
EMBEDDED_HILDON_FALSE=''
EMBEDDED_HILDON_TRUE=''
EML_BUILTIN_FALSE=''
EML_BUILTIN_TRUE=''
EML_CFLAGS=''
EML_LIBS=''
ENABLE_CLIPART_FALSE=''
ENABLE_CLIPART_TRUE=''
ENABLE_DYNAMIC_FALSE=''
ENABLE_DYNAMIC_TRUE=''
ENABLE_EMACS_KEYBINDING_FALSE=''
ENABLE_EMACS_KEYBINDING_TRUE=''
ENABLE_MENUBUTTON_FALSE=''
ENABLE_MENUBUTTON_TRUE=''
ENABLE_PRINT_FALSE=''
ENABLE_PRINT_TRUE=''
ENABLE_SPELL_FALSE=''
ENABLE_SPELL_TRUE=''
ENABLE_STATIC_FALSE=''
ENABLE_STATIC_TRUE=''
ENABLE_STATUSBAR_FALSE=''
ENABLE_STATUSBAR_TRUE=''
ENABLE_TEMPLATES_FALSE=''
ENABLE_TEMPLATES_TRUE=''
ENABLE_VI_KEYBINDING_FALSE=''
ENABLE_VI_KEYBINDING_TRUE=''
EXEEXT=''
FGREP='/usr/bin/grep -F'
FREETRANSLATION_BUILTIN_FALSE=''
FREETRANSLATION_BUILTIN_TRUE=''
FREETRANSLATION_CFLAGS=''
FREETRANSLATION_LIBS=''
GARBLE_BUILTIN_FALSE=''
GARBLE_BUILTIN_TRUE=''
GARBLE_CFLAGS=''
GARBLE_LIBS=''
GDA_BUILTIN_FALSE=''
GDA_BUILTIN_TRUE=''
GDA_CFLAGS=''
GDA_LIBS=''
GDICT_BUILTIN_FALSE=''
GDICT_BUILTIN_TRUE=''
GDICT_CFLAGS=''
GDICT_LIBS=''
GIMP_BUILTIN_FALSE=''
GIMP_BUILTIN_TRUE=''
GIMP_CFLAGS=''
GIMP_LIBS=''
GOFFICE_BUILTIN_CPPFLAGS='-I${top_srcdir}/goffice-bits'
GOFFICE_BUILTIN_FALSE=''
GOFFICE_BUILTIN_LIBS='${top_builddir}/goffice-bits/libgoffice.la'
GOFFICE_BUILTIN_TRUE=''
GOFFICE_CFLAGS=''
GOFFICE_LIBS=''
GOOGLE_BUILTIN_FALSE=''
GOOGLE_BUILTIN_TRUE=''
GOOGLE_CFLAGS=''
GOOGLE_LIBS=''
GRAMMAR_BUILTIN_FALSE=''
GRAMMAR_BUILTIN_TRUE=''
GRAMMAR_CFLAGS=''
GRAMMAR_LIBS=''
GREP='/usr/bin/grep'
GSFGI_CFLAGS=''
GSFGI_LIBS=''
GTK214_CFLAGS=''
GTK214_LIBS=''
HANCOM_BUILTIN_FALSE=''
HANCOM_BUILTIN_TRUE=''
HANCOM_CFLAGS=''
HANCOM_LIBS=''
HAVE_LIBXSLT_FALSE=''
HAVE_LIBXSLT_TRUE=''
HRTEXT_BUILTIN_FALSE=''
HRTEXT_BUILTIN_TRUE=''
HRTEXT_CFLAGS=''
HRTEXT_LIBS=''
IMPEXP_CPPFLAGS=''
IMPEXP_TEST_CPPFLAGS=''
INSTALL_DATA='${INSTALL} -m 644'
INSTALL_PROGRAM='${INSTALL}'
INSTALL_SCRIPT='${INSTALL}'
INSTALL_STRIP_PROGRAM='$(install_sh) -c -s'
ISCII_BUILTIN_FALSE=''
ISCII_BUILTIN_TRUE=''
ISCII_CFLAGS=''
ISCII_LIBS=''
KWORD_BUILTIN_FALSE=''
KWORD_BUILTIN_TRUE=''
KWORD_CFLAGS=''
KWORD_LIBS=''
LATEX_BUILTIN_FALSE=''
LATEX_BUILTIN_TRUE=''
LATEX_CFLAGS=''
LATEX_LIBS=''
LD='/usr/llvm-gcc-4.2/libexec/gcc/i686-apple-darwin11/4.2.1/ld'
LDFLAGS=''
LEX=''
LEXLIB=''
LEX_OUTPUT_ROOT=''
LIBGSF_CFLAGS=''
LIBGSF_LIBS=''
LIBOBJS=''
LIBS=''
LIBTOOL='$(SHELL) $(top_builddir)/libtool'
LIBXSLT_CFLAGS=''
LIBXSLT_LIBS=''
LIPO='lipo'
LN_S='ln -s'
LOADBINDINGS_BUILTIN_FALSE=''
LOADBINDINGS_BUILTIN_TRUE=''
LOADBINDINGS_CFLAGS=''
LOADBINDINGS_LIBS=''
LTCOMPILE='$(LIBTOOL) --tag=CC $(AM_LIBTOOLFLAGS) $(LIBTOOLFLAGS) --mode=compile $(COMPILE)'
LTCXXCOMPILE='$(LIBTOOL) --tag=CXX $(AM_LIBTOOLFLAGS) $(LIBTOOLFLAGS) --mode=compile $(CXXCOMPILE)'
LTLIBOBJS=''
MAINT=''
MAINTAINER_MODE_FALSE='#'
MAINTAINER_MODE_TRUE=''
MAKEFLAGS=''
MAKEINFO='${SHELL} /Users/eddiexie/work/Quantitative-Architecture/spellcheck/abiword-2.8.6/missing --run makeinfo'
MATHVIEW_BUILTIN_FALSE=''
MATHVIEW_BUILTIN_TRUE=''
MATHVIEW_CFLAGS=''
MATHVIEW_LIBS=''
MHT_BUILTIN_FALSE=''
MHT_BUILTIN_TRUE=''
MHT_CFLAGS=''
MHT_LIBS=''
MIF_BUILTIN_FALSE=''
MIF_BUILTIN_TRUE=''
MIF_CFLAGS=''
MIF_LIBS=''
MKDIR_P='./install-sh -c -d'
MSWRITE_BUILTIN_FALSE=''
MSWRITE_BUILTIN_TRUE=''
MSWRITE_CFLAGS=''
MSWRITE_LIBS=''
NM='/usr/bin/nm'
NMEDIT='nmedit'
OBJDUMP='objdump'
OBJEXT='o'
OPENDOCUMENT_BUILTIN_FALSE=''
OPENDOCUMENT_BUILTIN_TRUE=''
OPENDOCUMENT_CFLAGS=''
OPENDOCUMENT_LIBS=''
OPENWRITER_BUILTIN_FALSE=''
OPENWRITER_BUILTIN_TRUE=''
OPENWRITER_CFLAGS=''
OPENWRITER_LIBS=''
OPENXML_BUILTIN_FALSE=''
OPENXML_BUILTIN_TRUE=''
OPENXML_CFLAGS=''
OPENXML_LIBS=''
OPML_BUILTIN_FALSE=''
OPML_BUILTIN_TRUE=''
OPML_CFLAGS=''
OPML_LIBS=''
OTOOL64=':'
OTOOL='otool'
OTS_BUILTIN_FALSE=''
OTS_BUILTIN_TRUE=''
OTS_CFLAGS=''
OTS_LIBS=''
PACKAGE='abiword'
PACKAGE_BUGREPORT='http://www.abisource.com/'
PACKAGE_NAME='abiword'
PACKAGE_STRING='abiword 2.8.6'
PACKAGE_TARNAME='abiword'
PACKAGE_URL=''
PACKAGE_VERSION='2.8.6'
PAINT_BUILTIN_FALSE=''
PAINT_BUILTIN_TRUE=''
PAINT_CFLAGS=''
PAINT_LIBS=''
PASSEPARTOUT_BUILTIN_FALSE=''
PASSEPARTOUT_BUILTIN_TRUE=''
PASSEPARTOUT_CFLAGS=''
PASSEPARTOUT_LIBS=''
PATH_SEPARATOR=':'
PDB_BUILTIN_FALSE=''
PDB_BUILTIN_TRUE=''
PDB_CFLAGS=''
PDB_LIBS=''
PDF_BUILTIN_FALSE=''
PDF_BUILTIN_TRUE=''
PDF_CFLAGS=''
PDF_LIBS=''
PKG_CONFIG='/opt/local/bin/pkg-config'
PKG_CONFIG_LIBDIR=''
PKG_CONFIG_PATH=''
PLATFORM='unix'
PLUGINS=''
PLUGIN_CFLAGS=''
PLUGIN_LIBS=''
PNG_CFLAGS='-I/opt/local/include/libpng15  '
PNG_LIBS='-L/opt/local/lib -lpng15  '
POW_LIB=''
PRESENTATION_BUILTIN_FALSE=''
PRESENTATION_BUILTIN_TRUE=''
PRESENTATION_CFLAGS=''
PRESENTATION_LIBS=''
PSION_BUILTIN_FALSE=''
PSION_BUILTIN_TRUE=''
PSION_CFLAGS=''
PSION_LIBS=''
Q=''
RANLIB='ranlib'
RSVG_BUILTIN_FALSE=''
RSVG_BUILTIN_TRUE=''
RSVG_CFLAGS=''
RSVG_LIBS=''
S5_BUILTIN_FALSE=''
S5_BUILTIN_TRUE=''
S5_CFLAGS=''
S5_LIBS=''
SDW_BUILTIN_FALSE=''
SDW_BUILTIN_TRUE=''
SDW_CFLAGS=''
SDW_LIBS=''
SED='/usr/bin/sed'
SET_MAKE=''
SHAVE_SAVED_CC=''
SHAVE_SAVED_CXX=''
SHAVE_SAVED_LIBTOOL=''
SHELL='/bin/sh'
STRIP='strip'
T602_BUILTIN_FALSE=''
T602_BUILTIN_TRUE=''
T602_CFLAGS=''
T602_LIBS=''
TEXT_CPPFLAGS=''
TEXT_TEST_CPPFLAGS=''
TOOLKIT='cocoa'
TOOLKIT_COCOA_FALSE=''
TOOLKIT_COCOA_TRUE=''
TOOLKIT_GTK_FALSE=''
TOOLKIT_GTK_TRUE=''
TOOLKIT_WIN_FALSE=''
TOOLKIT_WIN_TRUE=''
URLDICT_BUILTIN_FALSE=''
URLDICT_BUILTIN_TRUE=''
URLDICT_CFLAGS=''
URLDICT_LIBS=''
V=''
VERSION='2.8.6'
WIKIPEDIA_BUILTIN_FALSE=''
WIKIPEDIA_BUILTIN_TRUE=''
WIKIPEDIA_CFLAGS=''
WIKIPEDIA_LIBS=''
WITH_CAIRO_FALSE=''
WITH_CAIRO_TRUE=''
WITH_GOFFICE_BUILTIN_FALSE=''
WITH_GOFFICE_BUILTIN_TRUE=''
WMF_BUILTIN_FALSE=''
WMF_BUILTIN_TRUE=''
WMF_CFLAGS=''
WMF_LIBS=''
WML_BUILTIN_FALSE=''
WML_BUILTIN_TRUE=''
WML_CFLAGS=''
WML_LIBS=''
WORDPERFECT_BUILTIN_FALSE=''
WORDPERFECT_BUILTIN_TRUE=''
WORDPERFECT_CFLAGS=''
WORDPERFECT_LIBS=''
WPG_BUILTIN_FALSE=''
WPG_BUILTIN_TRUE=''
WPG_CFLAGS=''
WPG_LIBS=''
WP_CPPFLAGS=''
XSLFO_BUILTIN_FALSE=''
XSLFO_BUILTIN_TRUE=''
XSLFO_CFLAGS=''
XSLFO_LIBS=''
YACC=''
YFLAGS=''
ac_ct_CC='gcc'
ac_ct_CXX='g++'
ac_ct_DUMPBIN=''
am__EXEEXT_FALSE=''
am__EXEEXT_TRUE=''
am__fastdepCC_FALSE='#'
am__fastdepCC_TRUE=''
am__fastdepCXX_FALSE='#'
am__fastdepCXX_TRUE=''
am__include='include'
am__isrc=''
am__leading_dot='.'
am__quote=''
am__tar='${AMTAR} chof - "$$tardir"'
am__untar='${AMTAR} xf -'
bindir='${exec_prefix}/bin'
build='x86_64-apple-darwin12.0.0'
build_alias=''
build_cpu='x86_64'
build_os='darwin12.0.0'
build_vendor='apple'
datadir='${datarootdir}'
datarootdir='${prefix}/share'
docdir='${datarootdir}/doc/${PACKAGE_TARNAME}'
dvidir='${docdir}'
exec_prefix='NONE'
host='x86_64-apple-darwin12.0.0'
host_alias=''
host_cpu='x86_64'
host_os='darwin12.0.0'
host_vendor='apple'
htmldir='${docdir}'
includedir='${prefix}/include'
infodir='${datarootdir}/info'
install_sh='${SHELL} /Users/eddiexie/work/Quantitative-Architecture/spellcheck/abiword-2.8.6/install-sh'
libdir='${exec_prefix}/lib'
libexecdir='${exec_prefix}/libexec'
libwmfconfig=''
localedir='${datarootdir}/locale'
localstatedir='${prefix}/var'
lt_ECHO='/bin/echo'
mandir='${datarootdir}/man'
mkdir_p='$(top_builddir)/./install-sh -c -d'
oldincludedir='/usr/include'
pdfdir='${docdir}'
prefix='NONE'
program_transform_name='s,x,x,'
psdir='${docdir}'
psiconvconfig=''
sbindir='${exec_prefix}/sbin'
sharedstatedir='${prefix}/com'
shavedir=''
sysconfdir='${prefix}/etc'
target_alias=''

## ----------- ##
## confdefs.h. ##
## ----------- ##

/* confdefs.h */
#define PACKAGE_NAME "abiword"
#define PACKAGE_TARNAME "abiword"
#define PACKAGE_VERSION "2.8.6"
#define PACKAGE_STRING "abiword 2.8.6"
#define PACKAGE_BUGREPORT "http://www.abisource.com/"
#define PACKAGE_URL ""
#define PACKAGE "abiword"
#define VERSION "2.8.6"
#define EMBEDDED_TARGET_GENERIC 1
#define EMBEDDED_TARGET_HILDON 2
#define EMBEDDED_TARGET_POKY 3
#define STDC_HEADERS 1
#define HAVE_SYS_TYPES_H 1
#define HAVE_SYS_STAT_H 1
#define HAVE_STDLIB_H 1
#define HAVE_STRING_H 1
#define HAVE_MEMORY_H 1
#define HAVE_STRINGS_H 1
#define HAVE_INTTYPES_H 1
#define HAVE_STDINT_H 1
#define HAVE_UNISTD_H 1
#define HAVE_DLFCN_H 1
#define LT_OBJDIR ".libs/"
#define PLATFORM "unix"
#define TOOLKIT "cocoa"
#define HAVE_SYS_TIME_H 1
#define HAVE_ALARM 1
#define HAVE_GETTIMEOFDAY 1
#define HAVE_LOCALECONV 1
#define HAVE_STRCSPN 1
#define HAVE_STRNCASECMP 1
#define HAVE_STRTOUL 1

configure: exit 1
